{"C:\\Users\\urmys\\OneDrive\\Year 4\\CPSC 310\\Projects\\D1\\cpsc310_team7\\src\\rest\\Server.js":{"path":"C:\\Users\\urmys\\OneDrive\\Year 4\\CPSC 310\\Projects\\D1\\cpsc310_team7\\src\\rest\\Server.js","statementMap":{"0":{"start":{"line":2,"column":14},"end":{"line":2,"column":32}},"1":{"start":{"line":3,"column":13},"end":{"line":3,"column":31}},"2":{"start":{"line":4,"column":22},"end":{"line":4,"column":60}},"3":{"start":{"line":5,"column":14},"end":{"line":112,"column":3}},"4":{"start":{"line":7,"column":8},"end":{"line":7,"column":62}},"5":{"start":{"line":8,"column":8},"end":{"line":8,"column":25}},"6":{"start":{"line":10,"column":4},"end":{"line":18,"column":6}},"7":{"start":{"line":11,"column":8},"end":{"line":11,"column":47}},"8":{"start":{"line":12,"column":19},"end":{"line":12,"column":23}},"9":{"start":{"line":13,"column":8},"end":{"line":17,"column":11}},"10":{"start":{"line":14,"column":12},"end":{"line":16,"column":15}},"11":{"start":{"line":15,"column":16},"end":{"line":15,"column":30}},"12":{"start":{"line":19,"column":4},"end":{"line":53,"column":6}},"13":{"start":{"line":20,"column":19},"end":{"line":20,"column":23}},"14":{"start":{"line":21,"column":8},"end":{"line":52,"column":11}},"15":{"start":{"line":22,"column":12},"end":{"line":51,"column":13}},"16":{"start":{"line":23,"column":16},"end":{"line":23,"column":63}},"17":{"start":{"line":24,"column":16},"end":{"line":26,"column":19}},"18":{"start":{"line":27,"column":16},"end":{"line":27,"column":87}},"19":{"start":{"line":28,"column":16},"end":{"line":30,"column":20}},"20":{"start":{"line":31,"column":16},"end":{"line":34,"column":19}},"21":{"start":{"line":32,"column":20},"end":{"line":32,"column":34}},"22":{"start":{"line":33,"column":20},"end":{"line":33,"column":34}},"23":{"start":{"line":35,"column":16},"end":{"line":35,"column":57}},"24":{"start":{"line":36,"column":16},"end":{"line":36,"column":65}},"25":{"start":{"line":37,"column":16},"end":{"line":37,"column":59}},"26":{"start":{"line":38,"column":16},"end":{"line":38,"column":68}},"27":{"start":{"line":39,"column":16},"end":{"line":42,"column":19}},"28":{"start":{"line":40,"column":20},"end":{"line":40,"column":97}},"29":{"start":{"line":41,"column":20},"end":{"line":41,"column":34}},"30":{"start":{"line":43,"column":16},"end":{"line":46,"column":19}},"31":{"start":{"line":44,"column":20},"end":{"line":44,"column":83}},"32":{"start":{"line":45,"column":20},"end":{"line":45,"column":32}},"33":{"start":{"line":49,"column":16},"end":{"line":49,"column":72}},"34":{"start":{"line":50,"column":16},"end":{"line":50,"column":28}},"35":{"start":{"line":54,"column":4},"end":{"line":65,"column":6}},"36":{"start":{"line":55,"column":8},"end":{"line":64,"column":11}},"37":{"start":{"line":57,"column":12},"end":{"line":57,"column":38}},"38":{"start":{"line":58,"column":12},"end":{"line":58,"column":36}},"39":{"start":{"line":59,"column":12},"end":{"line":59,"column":26}},"40":{"start":{"line":61,"column":12},"end":{"line":61,"column":38}},"41":{"start":{"line":62,"column":12},"end":{"line":62,"column":36}},"42":{"start":{"line":63,"column":12},"end":{"line":63,"column":26}},"43":{"start":{"line":66,"column":4},"end":{"line":77,"column":6}},"44":{"start":{"line":67,"column":8},"end":{"line":76,"column":11}},"45":{"start":{"line":69,"column":12},"end":{"line":69,"column":38}},"46":{"start":{"line":70,"column":12},"end":{"line":70,"column":36}},"47":{"start":{"line":71,"column":12},"end":{"line":71,"column":26}},"48":{"start":{"line":73,"column":12},"end":{"line":73,"column":38}},"49":{"start":{"line":74,"column":12},"end":{"line":74,"column":36}},"50":{"start":{"line":75,"column":12},"end":{"line":75,"column":26}},"51":{"start":{"line":78,"column":4},"end":{"line":89,"column":6}},"52":{"start":{"line":79,"column":8},"end":{"line":88,"column":11}},"53":{"start":{"line":81,"column":12},"end":{"line":81,"column":38}},"54":{"start":{"line":82,"column":12},"end":{"line":82,"column":36}},"55":{"start":{"line":83,"column":12},"end":{"line":83,"column":26}},"56":{"start":{"line":85,"column":12},"end":{"line":85,"column":38}},"57":{"start":{"line":86,"column":12},"end":{"line":86,"column":36}},"58":{"start":{"line":87,"column":12},"end":{"line":87,"column":26}},"59":{"start":{"line":90,"column":4},"end":{"line":102,"column":6}},"60":{"start":{"line":91,"column":8},"end":{"line":91,"column":89}},"61":{"start":{"line":92,"column":8},"end":{"line":100,"column":9}},"62":{"start":{"line":93,"column":25},"end":{"line":93,"column":59}},"63":{"start":{"line":94,"column":12},"end":{"line":94,"column":80}},"64":{"start":{"line":95,"column":12},"end":{"line":95,"column":47}},"65":{"start":{"line":98,"column":12},"end":{"line":98,"column":70}},"66":{"start":{"line":99,"column":12},"end":{"line":99,"column":50}},"67":{"start":{"line":101,"column":8},"end":{"line":101,"column":22}},"68":{"start":{"line":103,"column":4},"end":{"line":110,"column":6}},"69":{"start":{"line":104,"column":8},"end":{"line":109,"column":9}},"70":{"start":{"line":105,"column":12},"end":{"line":105,"column":71}},"71":{"start":{"line":108,"column":12},"end":{"line":108,"column":74}},"72":{"start":{"line":111,"column":4},"end":{"line":111,"column":18}},"73":{"start":{"line":113,"column":0},"end":{"line":113,"column":62}},"74":{"start":{"line":114,"column":0},"end":{"line":114,"column":25}}},"fnMap":{"0":{"name":"(anonymous_0)","decl":{"start":{"line":5,"column":14},"end":{"line":5,"column":15}},"loc":{"start":{"line":5,"column":26},"end":{"line":112,"column":1}}},"1":{"name":"Server","decl":{"start":{"line":6,"column":13},"end":{"line":6,"column":19}},"loc":{"start":{"line":6,"column":26},"end":{"line":9,"column":5}}},"2":{"name":"(anonymous_2)","decl":{"start":{"line":10,"column":28},"end":{"line":10,"column":29}},"loc":{"start":{"line":10,"column":40},"end":{"line":18,"column":5}}},"3":{"name":"(anonymous_3)","decl":{"start":{"line":13,"column":27},"end":{"line":13,"column":28}},"loc":{"start":{"line":13,"column":46},"end":{"line":17,"column":9}}},"4":{"name":"(anonymous_4)","decl":{"start":{"line":14,"column":28},"end":{"line":14,"column":29}},"loc":{"start":{"line":14,"column":40},"end":{"line":16,"column":13}}},"5":{"name":"(anonymous_5)","decl":{"start":{"line":19,"column":29},"end":{"line":19,"column":30}},"loc":{"start":{"line":19,"column":41},"end":{"line":53,"column":5}}},"6":{"name":"(anonymous_6)","decl":{"start":{"line":21,"column":27},"end":{"line":21,"column":28}},"loc":{"start":{"line":21,"column":54},"end":{"line":52,"column":9}}},"7":{"name":"(anonymous_7)","decl":{"start":{"line":31,"column":35},"end":{"line":31,"column":36}},"loc":{"start":{"line":31,"column":61},"end":{"line":34,"column":17}}},"8":{"name":"(anonymous_8)","decl":{"start":{"line":39,"column":44},"end":{"line":39,"column":45}},"loc":{"start":{"line":39,"column":56},"end":{"line":42,"column":17}}},"9":{"name":"(anonymous_9)","decl":{"start":{"line":43,"column":38},"end":{"line":43,"column":39}},"loc":{"start":{"line":43,"column":53},"end":{"line":46,"column":17}}},"10":{"name":"(anonymous_10)","decl":{"start":{"line":54,"column":24},"end":{"line":54,"column":25}},"loc":{"start":{"line":54,"column":50},"end":{"line":65,"column":5}}},"11":{"name":"(anonymous_11)","decl":{"start":{"line":56,"column":18},"end":{"line":56,"column":19}},"loc":{"start":{"line":56,"column":38},"end":{"line":60,"column":9}}},"12":{"name":"(anonymous_12)","decl":{"start":{"line":60,"column":17},"end":{"line":60,"column":18}},"loc":{"start":{"line":60,"column":37},"end":{"line":64,"column":9}}},"13":{"name":"(anonymous_13)","decl":{"start":{"line":66,"column":27},"end":{"line":66,"column":28}},"loc":{"start":{"line":66,"column":53},"end":{"line":77,"column":5}}},"14":{"name":"(anonymous_14)","decl":{"start":{"line":68,"column":18},"end":{"line":68,"column":19}},"loc":{"start":{"line":68,"column":38},"end":{"line":72,"column":9}}},"15":{"name":"(anonymous_15)","decl":{"start":{"line":72,"column":17},"end":{"line":72,"column":18}},"loc":{"start":{"line":72,"column":37},"end":{"line":76,"column":9}}},"16":{"name":"(anonymous_16)","decl":{"start":{"line":78,"column":23},"end":{"line":78,"column":24}},"loc":{"start":{"line":78,"column":49},"end":{"line":89,"column":5}}},"17":{"name":"(anonymous_17)","decl":{"start":{"line":80,"column":18},"end":{"line":80,"column":19}},"loc":{"start":{"line":80,"column":38},"end":{"line":84,"column":9}}},"18":{"name":"(anonymous_18)","decl":{"start":{"line":84,"column":17},"end":{"line":84,"column":18}},"loc":{"start":{"line":84,"column":37},"end":{"line":88,"column":9}}},"19":{"name":"(anonymous_19)","decl":{"start":{"line":90,"column":18},"end":{"line":90,"column":19}},"loc":{"start":{"line":90,"column":44},"end":{"line":102,"column":5}}},"20":{"name":"(anonymous_20)","decl":{"start":{"line":103,"column":25},"end":{"line":103,"column":26}},"loc":{"start":{"line":103,"column":40},"end":{"line":110,"column":5}}}},"branchMap":{"0":{"loc":{"start":{"line":104,"column":8},"end":{"line":109,"column":9}},"type":"if","locations":[{"start":{"line":104,"column":8},"end":{"line":109,"column":9}},{"start":{"line":104,"column":8},"end":{"line":109,"column":9}}]},"1":{"loc":{"start":{"line":104,"column":12},"end":{"line":104,"column":54}},"type":"binary-expr","locations":[{"start":{"line":104,"column":12},"end":{"line":104,"column":38}},{"start":{"line":104,"column":42},"end":{"line":104,"column":54}}]}},"s":{"0":1,"1":1,"2":1,"3":1,"4":1,"5":1,"6":1,"7":0,"8":0,"9":0,"10":0,"11":0,"12":1,"13":1,"14":1,"15":1,"16":1,"17":1,"18":1,"19":1,"20":1,"21":1,"22":1,"23":1,"24":1,"25":1,"26":1,"27":1,"28":1,"29":1,"30":1,"31":0,"32":0,"33":0,"34":0,"35":1,"36":0,"37":0,"38":0,"39":0,"40":0,"41":0,"42":0,"43":1,"44":0,"45":0,"46":0,"47":0,"48":0,"49":0,"50":0,"51":1,"52":0,"53":0,"54":0,"55":0,"56":0,"57":0,"58":0,"59":1,"60":1,"61":1,"62":1,"63":0,"64":0,"65":1,"66":1,"67":0,"68":1,"69":4,"70":2,"71":2,"72":1,"73":1,"74":1},"f":{"0":1,"1":1,"2":0,"3":0,"4":0,"5":1,"6":1,"7":1,"8":1,"9":0,"10":0,"11":0,"12":0,"13":0,"14":0,"15":0,"16":0,"17":0,"18":0,"19":1,"20":4},"b":{"0":[2,2],"1":[4,3]},"_coverageSchema":"332fd63041d2c1bcb487cc26dd0d5f7d97098a6c","hash":"54e1ad5732aedd28d4583687c84c0c5038b07a13","contentHash":"1905e8ef841e7b09c736ae9ebe8b4f8e_10.1.2"},"C:\\Users\\urmys\\OneDrive\\Year 4\\CPSC 310\\Projects\\D1\\cpsc310_team7\\src\\Util.js":{"path":"C:\\Users\\urmys\\OneDrive\\Year 4\\CPSC 310\\Projects\\D1\\cpsc310_team7\\src\\Util.js","statementMap":{"0":{"start":{"line":2,"column":11},"end":{"line":21,"column":3}},"1":{"start":{"line":5,"column":4},"end":{"line":7,"column":6}},"2":{"start":{"line":6,"column":8},"end":{"line":6,"column":71}},"3":{"start":{"line":8,"column":4},"end":{"line":10,"column":6}},"4":{"start":{"line":9,"column":8},"end":{"line":9,"column":71}},"5":{"start":{"line":11,"column":4},"end":{"line":13,"column":6}},"6":{"start":{"line":12,"column":8},"end":{"line":12,"column":73}},"7":{"start":{"line":14,"column":4},"end":{"line":16,"column":6}},"8":{"start":{"line":15,"column":8},"end":{"line":15,"column":73}},"9":{"start":{"line":17,"column":4},"end":{"line":19,"column":6}},"10":{"start":{"line":18,"column":8},"end":{"line":18,"column":71}},"11":{"start":{"line":20,"column":4},"end":{"line":20,"column":15}},"12":{"start":{"line":22,"column":0},"end":{"line":22,"column":62}},"13":{"start":{"line":23,"column":0},"end":{"line":23,"column":22}}},"fnMap":{"0":{"name":"(anonymous_0)","decl":{"start":{"line":2,"column":11},"end":{"line":2,"column":12}},"loc":{"start":{"line":2,"column":23},"end":{"line":21,"column":1}}},"1":{"name":"Log","decl":{"start":{"line":3,"column":13},"end":{"line":3,"column":16}},"loc":{"start":{"line":3,"column":19},"end":{"line":4,"column":5}}},"2":{"name":"(anonymous_2)","decl":{"start":{"line":5,"column":16},"end":{"line":5,"column":17}},"loc":{"start":{"line":5,"column":31},"end":{"line":7,"column":5}}},"3":{"name":"(anonymous_3)","decl":{"start":{"line":8,"column":15},"end":{"line":8,"column":16}},"loc":{"start":{"line":8,"column":30},"end":{"line":10,"column":5}}},"4":{"name":"(anonymous_4)","decl":{"start":{"line":11,"column":15},"end":{"line":11,"column":16}},"loc":{"start":{"line":11,"column":30},"end":{"line":13,"column":5}}},"5":{"name":"(anonymous_5)","decl":{"start":{"line":14,"column":16},"end":{"line":14,"column":17}},"loc":{"start":{"line":14,"column":31},"end":{"line":16,"column":5}}},"6":{"name":"(anonymous_6)","decl":{"start":{"line":17,"column":15},"end":{"line":17,"column":16}},"loc":{"start":{"line":17,"column":30},"end":{"line":19,"column":5}}}},"branchMap":{},"s":{"0":1,"1":1,"2":5,"3":1,"4":5,"5":1,"6":0,"7":1,"8":1,"9":1,"10":16,"11":1,"12":1,"13":1},"f":{"0":1,"1":0,"2":5,"3":5,"4":0,"5":1,"6":16},"b":{},"_coverageSchema":"332fd63041d2c1bcb487cc26dd0d5f7d97098a6c","hash":"cdd1793cedb46e450fda87e60e61b4739224a894","contentHash":"d224e51505761da71a9377e553fd2360_10.1.2"},"C:\\Users\\urmys\\OneDrive\\Year 4\\CPSC 310\\Projects\\D1\\cpsc310_team7\\src\\controller\\InsightFacade.js":{"path":"C:\\Users\\urmys\\OneDrive\\Year 4\\CPSC 310\\Projects\\D1\\cpsc310_team7\\src\\controller\\InsightFacade.js","statementMap":{"0":{"start":{"line":2,"column":13},"end":{"line":2,"column":31}},"1":{"start":{"line":3,"column":9},"end":{"line":3,"column":22}},"2":{"start":{"line":4,"column":12},"end":{"line":4,"column":28}},"3":{"start":{"line":5,"column":14},"end":{"line":5,"column":32}},"4":{"start":{"line":6,"column":13},"end":{"line":6,"column":30}},"5":{"start":{"line":7,"column":13},"end":{"line":7,"column":28}},"6":{"start":{"line":8,"column":13},"end":{"line":8,"column":28}},"7":{"start":{"line":9,"column":13},"end":{"line":9,"column":28}},"8":{"start":{"line":10,"column":13},"end":{"line":10,"column":28}},"9":{"start":{"line":11,"column":17},"end":{"line":11,"column":19}},"10":{"start":{"line":12,"column":0},"end":{"line":34,"column":2}},"11":{"start":{"line":35,"column":14},"end":{"line":35,"column":35}},"12":{"start":{"line":36,"column":11},"end":{"line":36,"column":132}},"13":{"start":{"line":37,"column":11},"end":{"line":37,"column":227}},"14":{"start":{"line":41,"column":16},"end":{"line":41,"column":18}},"15":{"start":{"line":42,"column":12},"end":{"line":42,"column":13}},"16":{"start":{"line":43,"column":13},"end":{"line":43,"column":14}},"17":{"start":{"line":44,"column":13},"end":{"line":44,"column":15}},"18":{"start":{"line":45,"column":15},"end":{"line":45,"column":17}},"19":{"start":{"line":46,"column":21},"end":{"line":585,"column":3}},"20":{"start":{"line":48,"column":8},"end":{"line":48,"column":58}},"21":{"start":{"line":50,"column":4},"end":{"line":92,"column":6}},"22":{"start":{"line":51,"column":19},"end":{"line":51,"column":23}},"23":{"start":{"line":52,"column":8},"end":{"line":91,"column":11}},"24":{"start":{"line":53,"column":12},"end":{"line":90,"column":13}},"25":{"start":{"line":54,"column":16},"end":{"line":68,"column":17}},"26":{"start":{"line":55,"column":20},"end":{"line":64,"column":23}},"27":{"start":{"line":56,"column":24},"end":{"line":61,"column":25}},"28":{"start":{"line":57,"column":28},"end":{"line":57,"column":78}},"29":{"start":{"line":60,"column":28},"end":{"line":60,"column":78}},"30":{"start":{"line":63,"column":24},"end":{"line":63,"column":68}},"31":{"start":{"line":67,"column":20},"end":{"line":67,"column":64}},"32":{"start":{"line":70,"column":17},"end":{"line":90,"column":13}},"33":{"start":{"line":71,"column":16},"end":{"line":86,"column":17}},"34":{"start":{"line":72,"column":20},"end":{"line":82,"column":23}},"35":{"start":{"line":73,"column":24},"end":{"line":79,"column":25}},"36":{"start":{"line":74,"column":28},"end":{"line":74,"column":78}},"37":{"start":{"line":77,"column":28},"end":{"line":77,"column":78}},"38":{"start":{"line":78,"column":28},"end":{"line":78,"column":35}},"39":{"start":{"line":81,"column":24},"end":{"line":81,"column":70}},"40":{"start":{"line":85,"column":20},"end":{"line":85,"column":66}},"41":{"start":{"line":89,"column":16},"end":{"line":89,"column":67}},"42":{"start":{"line":94,"column":4},"end":{"line":189,"column":6}},"43":{"start":{"line":95,"column":31},"end":{"line":95,"column":33}},"44":{"start":{"line":96,"column":25},"end":{"line":96,"column":27}},"45":{"start":{"line":97,"column":29},"end":{"line":97,"column":31}},"46":{"start":{"line":98,"column":8},"end":{"line":188,"column":11}},"47":{"start":{"line":99,"column":12},"end":{"line":187,"column":13}},"48":{"start":{"line":100,"column":32},"end":{"line":100,"column":43}},"49":{"start":{"line":101,"column":16},"end":{"line":182,"column":19}},"50":{"start":{"line":103,"column":41},"end":{"line":103,"column":46}},"51":{"start":{"line":104,"column":20},"end":{"line":106,"column":21}},"52":{"start":{"line":105,"column":24},"end":{"line":105,"column":46}},"53":{"start":{"line":107,"column":20},"end":{"line":146,"column":23}},"54":{"start":{"line":108,"column":24},"end":{"line":111,"column":25}},"55":{"start":{"line":109,"column":28},"end":{"line":109,"column":40}},"56":{"start":{"line":110,"column":28},"end":{"line":110,"column":35}},"57":{"start":{"line":112,"column":24},"end":{"line":145,"column":25}},"58":{"start":{"line":113,"column":42},"end":{"line":143,"column":30}},"59":{"start":{"line":114,"column":49},"end":{"line":114,"column":65}},"60":{"start":{"line":115,"column":49},"end":{"line":115,"column":58}},"61":{"start":{"line":116,"column":58},"end":{"line":116,"column":60}},"62":{"start":{"line":117,"column":32},"end":{"line":142,"column":33}},"63":{"start":{"line":118,"column":36},"end":{"line":137,"column":37}},"64":{"start":{"line":119,"column":40},"end":{"line":120,"column":41}},"65":{"start":{"line":121,"column":51},"end":{"line":121,"column":55}},"66":{"start":{"line":122,"column":40},"end":{"line":123,"column":85}},"67":{"start":{"line":123,"column":44},"end":{"line":123,"column":85}},"68":{"start":{"line":124,"column":68},"end":{"line":135,"column":41}},"69":{"start":{"line":136,"column":40},"end":{"line":136,"column":88}},"70":{"start":{"line":138,"column":48},"end":{"line":140,"column":37}},"71":{"start":{"line":141,"column":36},"end":{"line":141,"column":67}},"72":{"start":{"line":144,"column":28},"end":{"line":144,"column":57}},"73":{"start":{"line":147,"column":20},"end":{"line":177,"column":23}},"74":{"start":{"line":148,"column":24},"end":{"line":176,"column":25}},"75":{"start":{"line":149,"column":28},"end":{"line":149,"column":58}},"76":{"start":{"line":150,"column":45},"end":{"line":150,"column":74}},"77":{"start":{"line":151,"column":44},"end":{"line":151,"column":46}},"78":{"start":{"line":152,"column":28},"end":{"line":159,"column":29}},"79":{"start":{"line":153,"column":49},"end":{"line":153,"column":62}},"80":{"start":{"line":154,"column":46},"end":{"line":154,"column":84}},"81":{"start":{"line":155,"column":32},"end":{"line":158,"column":33}},"82":{"start":{"line":156,"column":49},"end":{"line":156,"column":59}},"83":{"start":{"line":157,"column":36},"end":{"line":157,"column":59}},"84":{"start":{"line":160,"column":28},"end":{"line":160,"column":53}},"85":{"start":{"line":161,"column":28},"end":{"line":166,"column":31}},"86":{"start":{"line":162,"column":32},"end":{"line":165,"column":33}},"87":{"start":{"line":167,"column":28},"end":{"line":172,"column":29}},"88":{"start":{"line":168,"column":32},"end":{"line":168,"column":45}},"89":{"start":{"line":171,"column":32},"end":{"line":171,"column":45}},"90":{"start":{"line":175,"column":28},"end":{"line":175,"column":40}},"91":{"start":{"line":180,"column":20},"end":{"line":180,"column":106}},"92":{"start":{"line":181,"column":20},"end":{"line":181,"column":32}},"93":{"start":{"line":185,"column":16},"end":{"line":185,"column":80}},"94":{"start":{"line":186,"column":16},"end":{"line":186,"column":28}},"95":{"start":{"line":190,"column":4},"end":{"line":192,"column":6}},"96":{"start":{"line":191,"column":8},"end":{"line":191,"column":24}},"97":{"start":{"line":193,"column":4},"end":{"line":355,"column":6}},"98":{"start":{"line":194,"column":8},"end":{"line":354,"column":11}},"99":{"start":{"line":195,"column":12},"end":{"line":353,"column":13}},"100":{"start":{"line":196,"column":32},"end":{"line":196,"column":43}},"101":{"start":{"line":197,"column":16},"end":{"line":348,"column":19}},"102":{"start":{"line":199,"column":45},"end":{"line":199,"column":50}},"103":{"start":{"line":200,"column":20},"end":{"line":202,"column":21}},"104":{"start":{"line":201,"column":24},"end":{"line":201,"column":50}},"105":{"start":{"line":203,"column":35},"end":{"line":203,"column":37}},"106":{"start":{"line":204,"column":34},"end":{"line":292,"column":21}},"107":{"start":{"line":205,"column":24},"end":{"line":208,"column":25}},"108":{"start":{"line":206,"column":28},"end":{"line":206,"column":40}},"109":{"start":{"line":207,"column":28},"end":{"line":207,"column":53}},"110":{"start":{"line":209,"column":24},"end":{"line":211,"column":25}},"111":{"start":{"line":210,"column":28},"end":{"line":210,"column":46}},"112":{"start":{"line":212,"column":38},"end":{"line":290,"column":26}},"113":{"start":{"line":214,"column":28},"end":{"line":225,"column":29}},"114":{"start":{"line":215,"column":44},"end":{"line":215,"column":64}},"115":{"start":{"line":216,"column":51},"end":{"line":216,"column":69}},"116":{"start":{"line":217,"column":32},"end":{"line":217,"column":62}},"117":{"start":{"line":218,"column":43},"end":{"line":218,"column":45}},"118":{"start":{"line":219,"column":32},"end":{"line":223,"column":33}},"119":{"start":{"line":220,"column":46},"end":{"line":220,"column":52}},"120":{"start":{"line":221,"column":54},"end":{"line":221,"column":140}},"121":{"start":{"line":222,"column":36},"end":{"line":222,"column":59}},"122":{"start":{"line":224,"column":32},"end":{"line":224,"column":55}},"123":{"start":{"line":226,"column":38},"end":{"line":226,"column":58}},"124":{"start":{"line":227,"column":43},"end":{"line":227,"column":59}},"125":{"start":{"line":228,"column":40},"end":{"line":228,"column":42}},"126":{"start":{"line":229,"column":28},"end":{"line":230,"column":45}},"127":{"start":{"line":230,"column":32},"end":{"line":230,"column":45}},"128":{"start":{"line":231,"column":43},"end":{"line":231,"column":84}},"129":{"start":{"line":232,"column":28},"end":{"line":286,"column":29}},"130":{"start":{"line":233,"column":43},"end":{"line":233,"column":45}},"131":{"start":{"line":234,"column":32},"end":{"line":234,"column":59}},"132":{"start":{"line":235,"column":32},"end":{"line":235,"column":55}},"133":{"start":{"line":236,"column":32},"end":{"line":236,"column":51}},"134":{"start":{"line":237,"column":32},"end":{"line":237,"column":90}},"135":{"start":{"line":238,"column":32},"end":{"line":238,"column":68}},"136":{"start":{"line":239,"column":32},"end":{"line":239,"column":127}},"137":{"start":{"line":240,"column":32},"end":{"line":240,"column":49}},"138":{"start":{"line":241,"column":32},"end":{"line":241,"column":42}},"139":{"start":{"line":242,"column":32},"end":{"line":242,"column":59}},"140":{"start":{"line":243,"column":32},"end":{"line":243,"column":55}},"141":{"start":{"line":244,"column":32},"end":{"line":244,"column":51}},"142":{"start":{"line":245,"column":32},"end":{"line":245,"column":78}},"143":{"start":{"line":246,"column":32},"end":{"line":246,"column":68}},"144":{"start":{"line":247,"column":32},"end":{"line":247,"column":127}},"145":{"start":{"line":248,"column":32},"end":{"line":248,"column":49}},"146":{"start":{"line":249,"column":32},"end":{"line":249,"column":42}},"147":{"start":{"line":250,"column":32},"end":{"line":250,"column":59}},"148":{"start":{"line":251,"column":32},"end":{"line":251,"column":55}},"149":{"start":{"line":252,"column":32},"end":{"line":252,"column":51}},"150":{"start":{"line":253,"column":32},"end":{"line":253,"column":78}},"151":{"start":{"line":254,"column":32},"end":{"line":254,"column":50}},"152":{"start":{"line":255,"column":32},"end":{"line":255,"column":127}},"153":{"start":{"line":256,"column":32},"end":{"line":256,"column":49}},"154":{"start":{"line":257,"column":32},"end":{"line":257,"column":42}},"155":{"start":{"line":258,"column":32},"end":{"line":258,"column":59}},"156":{"start":{"line":259,"column":32},"end":{"line":259,"column":55}},"157":{"start":{"line":260,"column":32},"end":{"line":260,"column":51}},"158":{"start":{"line":261,"column":32},"end":{"line":261,"column":80}},"159":{"start":{"line":262,"column":32},"end":{"line":262,"column":77}},"160":{"start":{"line":263,"column":32},"end":{"line":263,"column":127}},"161":{"start":{"line":264,"column":32},"end":{"line":264,"column":49}},"162":{"start":{"line":265,"column":32},"end":{"line":265,"column":42}},"163":{"start":{"line":266,"column":32},"end":{"line":266,"column":59}},"164":{"start":{"line":267,"column":32},"end":{"line":267,"column":55}},"165":{"start":{"line":268,"column":32},"end":{"line":268,"column":51}},"166":{"start":{"line":269,"column":32},"end":{"line":269,"column":88}},"167":{"start":{"line":270,"column":32},"end":{"line":270,"column":61}},"168":{"start":{"line":271,"column":32},"end":{"line":271,"column":127}},"169":{"start":{"line":272,"column":32},"end":{"line":272,"column":49}},"170":{"start":{"line":273,"column":32},"end":{"line":273,"column":42}},"171":{"start":{"line":274,"column":32},"end":{"line":274,"column":59}},"172":{"start":{"line":275,"column":32},"end":{"line":275,"column":54}},"173":{"start":{"line":276,"column":32},"end":{"line":276,"column":51}},"174":{"start":{"line":277,"column":32},"end":{"line":277,"column":88}},"175":{"start":{"line":278,"column":32},"end":{"line":278,"column":61}},"176":{"start":{"line":279,"column":32},"end":{"line":279,"column":126}},"177":{"start":{"line":280,"column":32},"end":{"line":280,"column":49}},"178":{"start":{"line":281,"column":32},"end":{"line":281,"column":45}},"179":{"start":{"line":284,"column":32},"end":{"line":284,"column":71}},"180":{"start":{"line":285,"column":32},"end":{"line":285,"column":45}},"181":{"start":{"line":289,"column":28},"end":{"line":289,"column":40}},"182":{"start":{"line":291,"column":24},"end":{"line":291,"column":47}},"183":{"start":{"line":293,"column":20},"end":{"line":297,"column":21}},"184":{"start":{"line":294,"column":38},"end":{"line":294,"column":51}},"185":{"start":{"line":295,"column":24},"end":{"line":296,"column":49}},"186":{"start":{"line":296,"column":28},"end":{"line":296,"column":49}},"187":{"start":{"line":298,"column":20},"end":{"line":344,"column":23}},"188":{"start":{"line":300,"column":24},"end":{"line":343,"column":25}},"189":{"start":{"line":301,"column":40},"end":{"line":301,"column":42}},"190":{"start":{"line":302,"column":47},"end":{"line":302,"column":69}},"191":{"start":{"line":303,"column":28},"end":{"line":326,"column":29}},"192":{"start":{"line":304,"column":57},"end":{"line":304,"column":67}},"193":{"start":{"line":305,"column":32},"end":{"line":306,"column":45}},"194":{"start":{"line":306,"column":36},"end":{"line":306,"column":45}},"195":{"start":{"line":307,"column":56},"end":{"line":307,"column":90}},"196":{"start":{"line":308,"column":32},"end":{"line":309,"column":45}},"197":{"start":{"line":309,"column":36},"end":{"line":309,"column":45}},"198":{"start":{"line":310,"column":32},"end":{"line":325,"column":33}},"199":{"start":{"line":311,"column":47},"end":{"line":311,"column":71}},"200":{"start":{"line":312,"column":44},"end":{"line":312,"column":46}},"201":{"start":{"line":313,"column":36},"end":{"line":313,"column":90}},"202":{"start":{"line":314,"column":36},"end":{"line":314,"column":77}},"203":{"start":{"line":315,"column":36},"end":{"line":315,"column":71}},"204":{"start":{"line":316,"column":36},"end":{"line":316,"column":101}},"205":{"start":{"line":317,"column":36},"end":{"line":317,"column":89}},"206":{"start":{"line":318,"column":36},"end":{"line":318,"column":85}},"207":{"start":{"line":319,"column":36},"end":{"line":319,"column":85}},"208":{"start":{"line":320,"column":36},"end":{"line":320,"column":69}},"209":{"start":{"line":321,"column":36},"end":{"line":321,"column":67}},"210":{"start":{"line":322,"column":36},"end":{"line":322,"column":77}},"211":{"start":{"line":323,"column":36},"end":{"line":323,"column":67}},"212":{"start":{"line":324,"column":36},"end":{"line":324,"column":50}},"213":{"start":{"line":327,"column":28},"end":{"line":327,"column":49}},"214":{"start":{"line":328,"column":28},"end":{"line":333,"column":31}},"215":{"start":{"line":329,"column":32},"end":{"line":332,"column":33}},"216":{"start":{"line":334,"column":28},"end":{"line":339,"column":29}},"217":{"start":{"line":335,"column":32},"end":{"line":335,"column":45}},"218":{"start":{"line":338,"column":32},"end":{"line":338,"column":45}},"219":{"start":{"line":342,"column":28},"end":{"line":342,"column":40}},"220":{"start":{"line":347,"column":20},"end":{"line":347,"column":32}},"221":{"start":{"line":351,"column":16},"end":{"line":351,"column":80}},"222":{"start":{"line":352,"column":16},"end":{"line":352,"column":28}},"223":{"start":{"line":356,"column":4},"end":{"line":371,"column":6}},"224":{"start":{"line":357,"column":8},"end":{"line":370,"column":11}},"225":{"start":{"line":358,"column":27},"end":{"line":358,"column":91}},"226":{"start":{"line":359,"column":12},"end":{"line":369,"column":13}},"227":{"start":{"line":360,"column":16},"end":{"line":360,"column":66}},"228":{"start":{"line":361,"column":16},"end":{"line":361,"column":36}},"229":{"start":{"line":362,"column":16},"end":{"line":362,"column":52}},"230":{"start":{"line":363,"column":16},"end":{"line":363,"column":78}},"231":{"start":{"line":364,"column":16},"end":{"line":364,"column":23}},"232":{"start":{"line":367,"column":16},"end":{"line":367,"column":148}},"233":{"start":{"line":368,"column":16},"end":{"line":368,"column":23}},"234":{"start":{"line":372,"column":4},"end":{"line":583,"column":6}},"235":{"start":{"line":373,"column":19},"end":{"line":373,"column":23}},"236":{"start":{"line":374,"column":8},"end":{"line":582,"column":11}},"237":{"start":{"line":375,"column":23},"end":{"line":375,"column":27}},"238":{"start":{"line":376,"column":12},"end":{"line":379,"column":13}},"239":{"start":{"line":377,"column":16},"end":{"line":377,"column":48}},"240":{"start":{"line":378,"column":16},"end":{"line":378,"column":23}},"241":{"start":{"line":380,"column":26},"end":{"line":380,"column":42}},"242":{"start":{"line":381,"column":26},"end":{"line":381,"column":44}},"243":{"start":{"line":382,"column":12},"end":{"line":385,"column":13}},"244":{"start":{"line":383,"column":16},"end":{"line":383,"column":48}},"245":{"start":{"line":384,"column":16},"end":{"line":384,"column":23}},"246":{"start":{"line":386,"column":32},"end":{"line":386,"column":37}},"247":{"start":{"line":387,"column":12},"end":{"line":400,"column":13}},"248":{"start":{"line":388,"column":26},"end":{"line":388,"column":39}},"249":{"start":{"line":389,"column":16},"end":{"line":399,"column":17}},"250":{"start":{"line":390,"column":20},"end":{"line":398,"column":21}},"251":{"start":{"line":391,"column":24},"end":{"line":391,"column":51}},"252":{"start":{"line":392,"column":24},"end":{"line":392,"column":45}},"253":{"start":{"line":393,"column":24},"end":{"line":393,"column":30}},"254":{"start":{"line":396,"column":24},"end":{"line":396,"column":49}},"255":{"start":{"line":397,"column":24},"end":{"line":397,"column":30}},"256":{"start":{"line":401,"column":12},"end":{"line":404,"column":13}},"257":{"start":{"line":402,"column":16},"end":{"line":402,"column":76}},"258":{"start":{"line":403,"column":16},"end":{"line":403,"column":23}},"259":{"start":{"line":405,"column":27},"end":{"line":405,"column":32}},"260":{"start":{"line":406,"column":12},"end":{"line":407,"column":32}},"261":{"start":{"line":407,"column":16},"end":{"line":407,"column":32}},"262":{"start":{"line":408,"column":12},"end":{"line":581,"column":13}},"263":{"start":{"line":409,"column":16},"end":{"line":409,"column":50}},"264":{"start":{"line":410,"column":16},"end":{"line":410,"column":48}},"265":{"start":{"line":411,"column":16},"end":{"line":411,"column":23}},"266":{"start":{"line":414,"column":28},"end":{"line":414,"column":42}},"267":{"start":{"line":415,"column":38},"end":{"line":415,"column":44}},"268":{"start":{"line":416,"column":29},"end":{"line":416,"column":31}},"269":{"start":{"line":417,"column":29},"end":{"line":417,"column":31}},"270":{"start":{"line":418,"column":30},"end":{"line":418,"column":32}},"271":{"start":{"line":419,"column":34},"end":{"line":419,"column":36}},"272":{"start":{"line":420,"column":30},"end":{"line":420,"column":32}},"273":{"start":{"line":421,"column":16},"end":{"line":432,"column":17}},"274":{"start":{"line":422,"column":20},"end":{"line":422,"column":63}},"275":{"start":{"line":423,"column":20},"end":{"line":423,"column":54}},"276":{"start":{"line":424,"column":20},"end":{"line":424,"column":54}},"277":{"start":{"line":425,"column":20},"end":{"line":431,"column":21}},"278":{"start":{"line":426,"column":36},"end":{"line":426,"column":48}},"279":{"start":{"line":427,"column":24},"end":{"line":427,"column":60}},"280":{"start":{"line":428,"column":42},"end":{"line":428,"column":70}},"281":{"start":{"line":429,"column":24},"end":{"line":429,"column":70}},"282":{"start":{"line":430,"column":24},"end":{"line":430,"column":79}},"283":{"start":{"line":433,"column":30},"end":{"line":433,"column":32}},"284":{"start":{"line":434,"column":16},"end":{"line":440,"column":17}},"285":{"start":{"line":435,"column":33},"end":{"line":435,"column":43}},"286":{"start":{"line":436,"column":20},"end":{"line":439,"column":45}},"287":{"start":{"line":437,"column":24},"end":{"line":437,"column":45}},"288":{"start":{"line":438,"column":25},"end":{"line":439,"column":45}},"289":{"start":{"line":439,"column":24},"end":{"line":439,"column":45}},"290":{"start":{"line":441,"column":29},"end":{"line":441,"column":31}},"291":{"start":{"line":442,"column":16},"end":{"line":454,"column":17}},"292":{"start":{"line":443,"column":33},"end":{"line":443,"column":43}},"293":{"start":{"line":444,"column":28},"end":{"line":444,"column":30}},"294":{"start":{"line":445,"column":20},"end":{"line":452,"column":21}},"295":{"start":{"line":446,"column":24},"end":{"line":447,"column":45}},"296":{"start":{"line":447,"column":28},"end":{"line":447,"column":45}},"297":{"start":{"line":448,"column":24},"end":{"line":449,"column":45}},"298":{"start":{"line":449,"column":28},"end":{"line":449,"column":45}},"299":{"start":{"line":450,"column":24},"end":{"line":451,"column":45}},"300":{"start":{"line":451,"column":28},"end":{"line":451,"column":45}},"301":{"start":{"line":453,"column":20},"end":{"line":453,"column":35}},"302":{"start":{"line":455,"column":16},"end":{"line":532,"column":17}},"303":{"start":{"line":456,"column":31},"end":{"line":456,"column":33}},"304":{"start":{"line":457,"column":20},"end":{"line":468,"column":21}},"305":{"start":{"line":458,"column":43},"end":{"line":458,"column":55}},"306":{"start":{"line":459,"column":42},"end":{"line":459,"column":44}},"307":{"start":{"line":460,"column":24},"end":{"line":463,"column":25}},"308":{"start":{"line":461,"column":43},"end":{"line":461,"column":55}},"309":{"start":{"line":462,"column":28},"end":{"line":462,"column":85}},"310":{"start":{"line":464,"column":24},"end":{"line":467,"column":65}},"311":{"start":{"line":465,"column":28},"end":{"line":465,"column":63}},"312":{"start":{"line":467,"column":28},"end":{"line":467,"column":65}},"313":{"start":{"line":469,"column":20},"end":{"line":469,"column":32}},"314":{"start":{"line":470,"column":39},"end":{"line":470,"column":56}},"315":{"start":{"line":471,"column":20},"end":{"line":531,"column":21}},"316":{"start":{"line":472,"column":42},"end":{"line":472,"column":60}},"317":{"start":{"line":473,"column":39},"end":{"line":473,"column":56}},"318":{"start":{"line":474,"column":37},"end":{"line":474,"column":39}},"319":{"start":{"line":475,"column":40},"end":{"line":475,"column":42}},"320":{"start":{"line":476,"column":24},"end":{"line":490,"column":25}},"321":{"start":{"line":477,"column":28},"end":{"line":489,"column":29}},"322":{"start":{"line":478,"column":53},"end":{"line":478,"column":55}},"323":{"start":{"line":479,"column":32},"end":{"line":479,"column":77}},"324":{"start":{"line":480,"column":32},"end":{"line":480,"column":63}},"325":{"start":{"line":482,"column":33},"end":{"line":489,"column":29}},"326":{"start":{"line":483,"column":50},"end":{"line":483,"column":52}},"327":{"start":{"line":484,"column":32},"end":{"line":484,"column":95}},"328":{"start":{"line":485,"column":32},"end":{"line":485,"column":60}},"329":{"start":{"line":488,"column":32},"end":{"line":488,"column":72}},"330":{"start":{"line":491,"column":24},"end":{"line":512,"column":25}},"331":{"start":{"line":492,"column":47},"end":{"line":492,"column":58}},"332":{"start":{"line":493,"column":28},"end":{"line":511,"column":29}},"333":{"start":{"line":494,"column":32},"end":{"line":510,"column":33}},"334":{"start":{"line":495,"column":36},"end":{"line":497,"column":37}},"335":{"start":{"line":496,"column":40},"end":{"line":496,"column":80}},"336":{"start":{"line":499,"column":37},"end":{"line":510,"column":33}},"337":{"start":{"line":500,"column":36},"end":{"line":502,"column":37}},"338":{"start":{"line":501,"column":40},"end":{"line":501,"column":80}},"339":{"start":{"line":504,"column":37},"end":{"line":510,"column":33}},"340":{"start":{"line":505,"column":36},"end":{"line":505,"column":80}},"341":{"start":{"line":508,"column":36},"end":{"line":509,"column":106}},"342":{"start":{"line":509,"column":40},"end":{"line":509,"column":106}},"343":{"start":{"line":513,"column":24},"end":{"line":514,"column":71}},"344":{"start":{"line":514,"column":28},"end":{"line":514,"column":71}},"345":{"start":{"line":515,"column":24},"end":{"line":529,"column":25}},"346":{"start":{"line":516,"column":28},"end":{"line":528,"column":66}},"347":{"start":{"line":517,"column":32},"end":{"line":517,"column":86}},"348":{"start":{"line":519,"column":33},"end":{"line":528,"column":66}},"349":{"start":{"line":520,"column":42},"end":{"line":520,"column":179}},"350":{"start":{"line":520,"column":83},"end":{"line":520,"column":107}},"351":{"start":{"line":520,"column":136},"end":{"line":520,"column":153}},"352":{"start":{"line":521,"column":32},"end":{"line":521,"column":96}},"353":{"start":{"line":523,"column":33},"end":{"line":528,"column":66}},"354":{"start":{"line":524,"column":42},"end":{"line":524,"column":179}},"355":{"start":{"line":524,"column":83},"end":{"line":524,"column":107}},"356":{"start":{"line":524,"column":136},"end":{"line":524,"column":153}},"357":{"start":{"line":525,"column":32},"end":{"line":525,"column":57}},"358":{"start":{"line":528,"column":32},"end":{"line":528,"column":66}},"359":{"start":{"line":530,"column":24},"end":{"line":530,"column":44}},"360":{"start":{"line":533,"column":16},"end":{"line":569,"column":17}},"361":{"start":{"line":534,"column":34},"end":{"line":534,"column":50}},"362":{"start":{"line":535,"column":20},"end":{"line":568,"column":21}},"363":{"start":{"line":536,"column":42},"end":{"line":536,"column":56}},"364":{"start":{"line":537,"column":42},"end":{"line":537,"column":57}},"365":{"start":{"line":538,"column":24},"end":{"line":557,"column":27}},"366":{"start":{"line":539,"column":28},"end":{"line":555,"column":29}},"367":{"start":{"line":540,"column":47},"end":{"line":540,"column":62}},"368":{"start":{"line":541,"column":32},"end":{"line":554,"column":33}},"369":{"start":{"line":542,"column":36},"end":{"line":553,"column":37}},"370":{"start":{"line":543,"column":40},"end":{"line":546,"column":54}},"371":{"start":{"line":544,"column":44},"end":{"line":544,"column":53}},"372":{"start":{"line":545,"column":45},"end":{"line":546,"column":54}},"373":{"start":{"line":546,"column":44},"end":{"line":546,"column":54}},"374":{"start":{"line":549,"column":40},"end":{"line":552,"column":53}},"375":{"start":{"line":550,"column":44},"end":{"line":550,"column":54}},"376":{"start":{"line":551,"column":45},"end":{"line":552,"column":53}},"377":{"start":{"line":552,"column":44},"end":{"line":552,"column":53}},"378":{"start":{"line":556,"column":28},"end":{"line":556,"column":37}},"379":{"start":{"line":560,"column":24},"end":{"line":567,"column":27}},"380":{"start":{"line":561,"column":28},"end":{"line":566,"column":41}},"381":{"start":{"line":562,"column":32},"end":{"line":562,"column":41}},"382":{"start":{"line":563,"column":33},"end":{"line":566,"column":41}},"383":{"start":{"line":564,"column":32},"end":{"line":564,"column":42}},"384":{"start":{"line":566,"column":32},"end":{"line":566,"column":41}},"385":{"start":{"line":570,"column":16},"end":{"line":578,"column":17}},"386":{"start":{"line":571,"column":33},"end":{"line":571,"column":45}},"387":{"start":{"line":572,"column":20},"end":{"line":577,"column":21}},"388":{"start":{"line":573,"column":34},"end":{"line":573,"column":40}},"389":{"start":{"line":574,"column":24},"end":{"line":576,"column":25}},"390":{"start":{"line":575,"column":28},"end":{"line":575,"column":47}},"391":{"start":{"line":579,"column":16},"end":{"line":579,"column":65}},"392":{"start":{"line":580,"column":16},"end":{"line":580,"column":23}},"393":{"start":{"line":584,"column":4},"end":{"line":584,"column":25}},"394":{"start":{"line":586,"column":0},"end":{"line":586,"column":62}},"395":{"start":{"line":587,"column":0},"end":{"line":587,"column":32}},"396":{"start":{"line":589,"column":16},"end":{"line":589,"column":20}},"397":{"start":{"line":590,"column":4},"end":{"line":591,"column":21}},"398":{"start":{"line":591,"column":8},"end":{"line":591,"column":21}},"399":{"start":{"line":592,"column":4},"end":{"line":592,"column":27}},"400":{"start":{"line":593,"column":4},"end":{"line":597,"column":5}},"401":{"start":{"line":594,"column":8},"end":{"line":596,"column":9}},"402":{"start":{"line":595,"column":12},"end":{"line":595,"column":25}},"403":{"start":{"line":598,"column":4},"end":{"line":600,"column":5}},"404":{"start":{"line":599,"column":8},"end":{"line":599,"column":21}},"405":{"start":{"line":601,"column":4},"end":{"line":601,"column":16}},"406":{"start":{"line":604,"column":18},"end":{"line":604,"column":34}},"407":{"start":{"line":605,"column":18},"end":{"line":605,"column":36}},"408":{"start":{"line":606,"column":4},"end":{"line":607,"column":21}},"409":{"start":{"line":607,"column":8},"end":{"line":607,"column":21}},"410":{"start":{"line":608,"column":22},"end":{"line":608,"column":25}},"411":{"start":{"line":609,"column":4},"end":{"line":610,"column":26}},"412":{"start":{"line":610,"column":8},"end":{"line":610,"column":26}},"413":{"start":{"line":611,"column":4},"end":{"line":741,"column":5}},"414":{"start":{"line":612,"column":8},"end":{"line":618,"column":9}},"415":{"start":{"line":613,"column":22},"end":{"line":613,"column":32}},"416":{"start":{"line":614,"column":12},"end":{"line":615,"column":29}},"417":{"start":{"line":615,"column":16},"end":{"line":615,"column":29}},"418":{"start":{"line":616,"column":12},"end":{"line":617,"column":29}},"419":{"start":{"line":617,"column":16},"end":{"line":617,"column":29}},"420":{"start":{"line":619,"column":8},"end":{"line":645,"column":9}},"421":{"start":{"line":620,"column":24},"end":{"line":620,"column":40}},"422":{"start":{"line":621,"column":12},"end":{"line":644,"column":29}},"423":{"start":{"line":622,"column":16},"end":{"line":623,"column":33}},"424":{"start":{"line":623,"column":20},"end":{"line":623,"column":33}},"425":{"start":{"line":625,"column":17},"end":{"line":644,"column":29}},"426":{"start":{"line":626,"column":16},"end":{"line":627,"column":33}},"427":{"start":{"line":627,"column":20},"end":{"line":627,"column":33}},"428":{"start":{"line":628,"column":16},"end":{"line":629,"column":33}},"429":{"start":{"line":629,"column":20},"end":{"line":629,"column":33}},"430":{"start":{"line":630,"column":16},"end":{"line":631,"column":33}},"431":{"start":{"line":631,"column":20},"end":{"line":631,"column":33}},"432":{"start":{"line":632,"column":16},"end":{"line":633,"column":33}},"433":{"start":{"line":633,"column":20},"end":{"line":633,"column":33}},"434":{"start":{"line":634,"column":32},"end":{"line":634,"column":45}},"435":{"start":{"line":635,"column":16},"end":{"line":636,"column":33}},"436":{"start":{"line":636,"column":20},"end":{"line":636,"column":33}},"437":{"start":{"line":637,"column":16},"end":{"line":641,"column":17}},"438":{"start":{"line":638,"column":30},"end":{"line":638,"column":42}},"439":{"start":{"line":639,"column":20},"end":{"line":640,"column":37}},"440":{"start":{"line":640,"column":24},"end":{"line":640,"column":37}},"441":{"start":{"line":644,"column":16},"end":{"line":644,"column":29}},"442":{"start":{"line":646,"column":8},"end":{"line":646,"column":20}},"443":{"start":{"line":649,"column":30},"end":{"line":649,"column":54}},"444":{"start":{"line":650,"column":8},"end":{"line":651,"column":25}},"445":{"start":{"line":651,"column":12},"end":{"line":651,"column":25}},"446":{"start":{"line":652,"column":21},"end":{"line":652,"column":45}},"447":{"start":{"line":653,"column":8},"end":{"line":654,"column":25}},"448":{"start":{"line":654,"column":12},"end":{"line":654,"column":25}},"449":{"start":{"line":655,"column":8},"end":{"line":661,"column":9}},"450":{"start":{"line":656,"column":24},"end":{"line":656,"column":36}},"451":{"start":{"line":657,"column":12},"end":{"line":658,"column":29}},"452":{"start":{"line":658,"column":16},"end":{"line":658,"column":29}},"453":{"start":{"line":659,"column":12},"end":{"line":660,"column":29}},"454":{"start":{"line":660,"column":16},"end":{"line":660,"column":29}},"455":{"start":{"line":662,"column":8},"end":{"line":663,"column":25}},"456":{"start":{"line":663,"column":12},"end":{"line":663,"column":25}},"457":{"start":{"line":664,"column":21},"end":{"line":664,"column":45}},"458":{"start":{"line":665,"column":22},"end":{"line":665,"column":24}},"459":{"start":{"line":666,"column":8},"end":{"line":691,"column":9}},"460":{"start":{"line":667,"column":24},"end":{"line":667,"column":36}},"461":{"start":{"line":668,"column":12},"end":{"line":669,"column":29}},"462":{"start":{"line":669,"column":16},"end":{"line":669,"column":29}},"463":{"start":{"line":670,"column":28},"end":{"line":670,"column":49}},"464":{"start":{"line":671,"column":12},"end":{"line":672,"column":29}},"465":{"start":{"line":672,"column":16},"end":{"line":672,"column":29}},"466":{"start":{"line":673,"column":12},"end":{"line":674,"column":29}},"467":{"start":{"line":674,"column":16},"end":{"line":674,"column":29}},"468":{"start":{"line":675,"column":12},"end":{"line":675,"column":36}},"469":{"start":{"line":676,"column":30},"end":{"line":676,"column":46}},"470":{"start":{"line":677,"column":12},"end":{"line":678,"column":29}},"471":{"start":{"line":678,"column":16},"end":{"line":678,"column":29}},"472":{"start":{"line":679,"column":29},"end":{"line":679,"column":56}},"473":{"start":{"line":680,"column":12},"end":{"line":681,"column":29}},"474":{"start":{"line":681,"column":16},"end":{"line":681,"column":29}},"475":{"start":{"line":682,"column":28},"end":{"line":682,"column":51}},"476":{"start":{"line":683,"column":12},"end":{"line":690,"column":13}},"477":{"start":{"line":684,"column":16},"end":{"line":685,"column":33}},"478":{"start":{"line":685,"column":20},"end":{"line":685,"column":33}},"479":{"start":{"line":688,"column":16},"end":{"line":689,"column":33}},"480":{"start":{"line":689,"column":20},"end":{"line":689,"column":33}},"481":{"start":{"line":692,"column":8},"end":{"line":712,"column":9}},"482":{"start":{"line":693,"column":22},"end":{"line":693,"column":32}},"483":{"start":{"line":694,"column":12},"end":{"line":711,"column":13}},"484":{"start":{"line":695,"column":16},"end":{"line":696,"column":33}},"485":{"start":{"line":696,"column":20},"end":{"line":696,"column":33}},"486":{"start":{"line":697,"column":16},"end":{"line":698,"column":33}},"487":{"start":{"line":698,"column":20},"end":{"line":698,"column":33}},"488":{"start":{"line":699,"column":16},"end":{"line":700,"column":33}},"489":{"start":{"line":700,"column":20},"end":{"line":700,"column":33}},"490":{"start":{"line":703,"column":33},"end":{"line":703,"column":38}},"491":{"start":{"line":704,"column":16},"end":{"line":708,"column":17}},"492":{"start":{"line":705,"column":32},"end":{"line":705,"column":44}},"493":{"start":{"line":706,"column":20},"end":{"line":707,"column":42}},"494":{"start":{"line":707,"column":24},"end":{"line":707,"column":42}},"495":{"start":{"line":709,"column":16},"end":{"line":710,"column":33}},"496":{"start":{"line":710,"column":20},"end":{"line":710,"column":33}},"497":{"start":{"line":713,"column":8},"end":{"line":739,"column":9}},"498":{"start":{"line":714,"column":24},"end":{"line":714,"column":40}},"499":{"start":{"line":715,"column":12},"end":{"line":738,"column":29}},"500":{"start":{"line":716,"column":16},"end":{"line":717,"column":33}},"501":{"start":{"line":717,"column":20},"end":{"line":717,"column":33}},"502":{"start":{"line":719,"column":17},"end":{"line":738,"column":29}},"503":{"start":{"line":720,"column":16},"end":{"line":721,"column":33}},"504":{"start":{"line":721,"column":20},"end":{"line":721,"column":33}},"505":{"start":{"line":722,"column":16},"end":{"line":723,"column":33}},"506":{"start":{"line":723,"column":20},"end":{"line":723,"column":33}},"507":{"start":{"line":724,"column":16},"end":{"line":725,"column":33}},"508":{"start":{"line":725,"column":20},"end":{"line":725,"column":33}},"509":{"start":{"line":726,"column":16},"end":{"line":727,"column":33}},"510":{"start":{"line":727,"column":20},"end":{"line":727,"column":33}},"511":{"start":{"line":728,"column":32},"end":{"line":728,"column":45}},"512":{"start":{"line":729,"column":16},"end":{"line":730,"column":33}},"513":{"start":{"line":730,"column":20},"end":{"line":730,"column":33}},"514":{"start":{"line":731,"column":16},"end":{"line":735,"column":17}},"515":{"start":{"line":732,"column":30},"end":{"line":732,"column":42}},"516":{"start":{"line":733,"column":20},"end":{"line":734,"column":37}},"517":{"start":{"line":734,"column":24},"end":{"line":734,"column":37}},"518":{"start":{"line":738,"column":16},"end":{"line":738,"column":29}},"519":{"start":{"line":740,"column":8},"end":{"line":740,"column":20}},"520":{"start":{"line":744,"column":4},"end":{"line":745,"column":21}},"521":{"start":{"line":745,"column":8},"end":{"line":745,"column":21}},"522":{"start":{"line":746,"column":14},"end":{"line":746,"column":35}},"523":{"start":{"line":747,"column":4},"end":{"line":805,"column":5}},"524":{"start":{"line":749,"column":12},"end":{"line":751,"column":13}},"525":{"start":{"line":750,"column":16},"end":{"line":750,"column":29}},"526":{"start":{"line":752,"column":26},"end":{"line":752,"column":36}},"527":{"start":{"line":753,"column":12},"end":{"line":756,"column":13}},"528":{"start":{"line":754,"column":16},"end":{"line":755,"column":33}},"529":{"start":{"line":755,"column":20},"end":{"line":755,"column":33}},"530":{"start":{"line":757,"column":12},"end":{"line":757,"column":24}},"531":{"start":{"line":760,"column":12},"end":{"line":762,"column":13}},"532":{"start":{"line":761,"column":16},"end":{"line":761,"column":29}},"533":{"start":{"line":763,"column":26},"end":{"line":763,"column":36}},"534":{"start":{"line":764,"column":12},"end":{"line":767,"column":13}},"535":{"start":{"line":765,"column":16},"end":{"line":766,"column":33}},"536":{"start":{"line":766,"column":20},"end":{"line":766,"column":33}},"537":{"start":{"line":768,"column":12},"end":{"line":768,"column":24}},"538":{"start":{"line":771,"column":20},"end":{"line":771,"column":30}},"539":{"start":{"line":772,"column":23},"end":{"line":772,"column":40}},"540":{"start":{"line":773,"column":25},"end":{"line":773,"column":32}},"541":{"start":{"line":774,"column":12},"end":{"line":775,"column":115}},"542":{"start":{"line":778,"column":20},"end":{"line":778,"column":30}},"543":{"start":{"line":779,"column":23},"end":{"line":779,"column":40}},"544":{"start":{"line":780,"column":25},"end":{"line":780,"column":32}},"545":{"start":{"line":781,"column":12},"end":{"line":782,"column":115}},"546":{"start":{"line":785,"column":20},"end":{"line":785,"column":30}},"547":{"start":{"line":786,"column":23},"end":{"line":786,"column":40}},"548":{"start":{"line":787,"column":25},"end":{"line":787,"column":32}},"549":{"start":{"line":788,"column":12},"end":{"line":789,"column":115}},"550":{"start":{"line":792,"column":20},"end":{"line":792,"column":30}},"551":{"start":{"line":793,"column":23},"end":{"line":793,"column":40}},"552":{"start":{"line":794,"column":25},"end":{"line":794,"column":32}},"553":{"start":{"line":795,"column":12},"end":{"line":797,"column":94}},"554":{"start":{"line":800,"column":12},"end":{"line":800,"column":43}},"555":{"start":{"line":803,"column":12},"end":{"line":803,"column":25}},"556":{"start":{"line":808,"column":14},"end":{"line":808,"column":35}},"557":{"start":{"line":809,"column":4},"end":{"line":866,"column":5}},"558":{"start":{"line":811,"column":26},"end":{"line":811,"column":36}},"559":{"start":{"line":812,"column":12},"end":{"line":815,"column":13}},"560":{"start":{"line":813,"column":16},"end":{"line":814,"column":33}},"561":{"start":{"line":814,"column":20},"end":{"line":814,"column":33}},"562":{"start":{"line":816,"column":12},"end":{"line":816,"column":24}},"563":{"start":{"line":819,"column":26},"end":{"line":819,"column":36}},"564":{"start":{"line":820,"column":12},"end":{"line":823,"column":13}},"565":{"start":{"line":821,"column":16},"end":{"line":822,"column":32}},"566":{"start":{"line":822,"column":20},"end":{"line":822,"column":32}},"567":{"start":{"line":824,"column":12},"end":{"line":824,"column":25}},"568":{"start":{"line":827,"column":12},"end":{"line":827,"column":97}},"569":{"start":{"line":830,"column":12},"end":{"line":830,"column":95}},"570":{"start":{"line":833,"column":12},"end":{"line":833,"column":95}},"571":{"start":{"line":836,"column":30},"end":{"line":836,"column":40}},"572":{"start":{"line":837,"column":24},"end":{"line":837,"column":51}},"573":{"start":{"line":838,"column":26},"end":{"line":838,"column":44}},"574":{"start":{"line":839,"column":26},"end":{"line":839,"column":39}},"575":{"start":{"line":840,"column":30},"end":{"line":840,"column":72}},"576":{"start":{"line":841,"column":12},"end":{"line":842,"column":67}},"577":{"start":{"line":842,"column":16},"end":{"line":842,"column":67}},"578":{"start":{"line":843,"column":32},"end":{"line":843,"column":57}},"579":{"start":{"line":844,"column":12},"end":{"line":845,"column":44}},"580":{"start":{"line":845,"column":16},"end":{"line":845,"column":44}},"581":{"start":{"line":846,"column":12},"end":{"line":847,"column":29}},"582":{"start":{"line":847,"column":16},"end":{"line":847,"column":29}},"583":{"start":{"line":848,"column":24},"end":{"line":848,"column":25}},"584":{"start":{"line":849,"column":24},"end":{"line":849,"column":29}},"585":{"start":{"line":850,"column":12},"end":{"line":858,"column":13}},"586":{"start":{"line":851,"column":26},"end":{"line":851,"column":57}},"587":{"start":{"line":852,"column":16},"end":{"line":853,"column":26}},"588":{"start":{"line":853,"column":20},"end":{"line":853,"column":26}},"589":{"start":{"line":854,"column":16},"end":{"line":854,"column":32}},"590":{"start":{"line":855,"column":16},"end":{"line":856,"column":29}},"591":{"start":{"line":856,"column":20},"end":{"line":856,"column":29}},"592":{"start":{"line":857,"column":16},"end":{"line":857,"column":29}},"593":{"start":{"line":859,"column":12},"end":{"line":859,"column":25}},"594":{"start":{"line":862,"column":12},"end":{"line":862,"column":49}},"595":{"start":{"line":865,"column":12},"end":{"line":865,"column":25}},"596":{"start":{"line":869,"column":15},"end":{"line":869,"column":20}},"597":{"start":{"line":870,"column":4},"end":{"line":871,"column":20}},"598":{"start":{"line":871,"column":8},"end":{"line":871,"column":20}},"599":{"start":{"line":872,"column":15},"end":{"line":872,"column":32}},"600":{"start":{"line":873,"column":4},"end":{"line":906,"column":5}},"601":{"start":{"line":874,"column":18},"end":{"line":874,"column":28}},"602":{"start":{"line":875,"column":8},"end":{"line":877,"column":9}},"603":{"start":{"line":876,"column":12},"end":{"line":876,"column":21}},"604":{"start":{"line":878,"column":8},"end":{"line":905,"column":9}},"605":{"start":{"line":879,"column":12},"end":{"line":897,"column":13}},"606":{"start":{"line":880,"column":16},"end":{"line":895,"column":17}},"607":{"start":{"line":881,"column":20},"end":{"line":881,"column":49}},"608":{"start":{"line":883,"column":21},"end":{"line":895,"column":17}},"609":{"start":{"line":884,"column":20},"end":{"line":884,"column":48}},"610":{"start":{"line":886,"column":21},"end":{"line":895,"column":17}},"611":{"start":{"line":887,"column":20},"end":{"line":887,"column":47}},"612":{"start":{"line":890,"column":35},"end":{"line":890,"column":37}},"613":{"start":{"line":891,"column":20},"end":{"line":891,"column":54}},"614":{"start":{"line":892,"column":20},"end":{"line":892,"column":52}},"615":{"start":{"line":893,"column":20},"end":{"line":893,"column":50}},"616":{"start":{"line":894,"column":20},"end":{"line":894,"column":63}},"617":{"start":{"line":896,"column":16},"end":{"line":896,"column":24}},"618":{"start":{"line":900,"column":29},"end":{"line":900,"column":47}},"619":{"start":{"line":901,"column":12},"end":{"line":904,"column":13}},"620":{"start":{"line":902,"column":32},"end":{"line":902,"column":48}},"621":{"start":{"line":903,"column":16},"end":{"line":903,"column":43}},"622":{"start":{"line":909,"column":15},"end":{"line":909,"column":20}},"623":{"start":{"line":910,"column":4},"end":{"line":911,"column":20}},"624":{"start":{"line":911,"column":8},"end":{"line":911,"column":20}},"625":{"start":{"line":912,"column":15},"end":{"line":912,"column":32}},"626":{"start":{"line":913,"column":4},"end":{"line":953,"column":5}},"627":{"start":{"line":914,"column":18},"end":{"line":914,"column":28}},"628":{"start":{"line":915,"column":8},"end":{"line":917,"column":9}},"629":{"start":{"line":916,"column":12},"end":{"line":916,"column":21}},"630":{"start":{"line":918,"column":8},"end":{"line":923,"column":9}},"631":{"start":{"line":919,"column":12},"end":{"line":921,"column":13}},"632":{"start":{"line":920,"column":16},"end":{"line":920,"column":55}},"633":{"start":{"line":922,"column":12},"end":{"line":922,"column":21}},"634":{"start":{"line":924,"column":8},"end":{"line":952,"column":9}},"635":{"start":{"line":925,"column":12},"end":{"line":944,"column":13}},"636":{"start":{"line":926,"column":16},"end":{"line":942,"column":17}},"637":{"start":{"line":927,"column":20},"end":{"line":927,"column":56}},"638":{"start":{"line":929,"column":21},"end":{"line":942,"column":17}},"639":{"start":{"line":930,"column":20},"end":{"line":930,"column":63}},"640":{"start":{"line":932,"column":21},"end":{"line":942,"column":17}},"641":{"start":{"line":933,"column":20},"end":{"line":933,"column":59}},"642":{"start":{"line":935,"column":21},"end":{"line":942,"column":17}},"643":{"start":{"line":936,"column":20},"end":{"line":936,"column":54}},"644":{"start":{"line":939,"column":20},"end":{"line":939,"column":51}},"645":{"start":{"line":940,"column":20},"end":{"line":940,"column":39}},"646":{"start":{"line":941,"column":20},"end":{"line":941,"column":32}},"647":{"start":{"line":943,"column":16},"end":{"line":943,"column":25}},"648":{"start":{"line":947,"column":29},"end":{"line":947,"column":47}},"649":{"start":{"line":948,"column":12},"end":{"line":951,"column":13}},"650":{"start":{"line":949,"column":32},"end":{"line":949,"column":48}},"651":{"start":{"line":950,"column":16},"end":{"line":950,"column":56}},"652":{"start":{"line":956,"column":4},"end":{"line":957,"column":20}},"653":{"start":{"line":957,"column":8},"end":{"line":957,"column":20}},"654":{"start":{"line":958,"column":4},"end":{"line":959,"column":20}},"655":{"start":{"line":959,"column":8},"end":{"line":959,"column":20}},"656":{"start":{"line":960,"column":21},"end":{"line":960,"column":39}},"657":{"start":{"line":961,"column":4},"end":{"line":962,"column":20}},"658":{"start":{"line":962,"column":8},"end":{"line":962,"column":20}},"659":{"start":{"line":963,"column":4},"end":{"line":968,"column":5}},"660":{"start":{"line":964,"column":24},"end":{"line":964,"column":40}},"661":{"start":{"line":965,"column":21},"end":{"line":965,"column":43}},"662":{"start":{"line":966,"column":8},"end":{"line":967,"column":26}},"663":{"start":{"line":967,"column":12},"end":{"line":967,"column":26}},"664":{"start":{"line":969,"column":4},"end":{"line":969,"column":16}},"665":{"start":{"line":972,"column":4},"end":{"line":1014,"column":7}},"666":{"start":{"line":973,"column":19},"end":{"line":973,"column":21}},"667":{"start":{"line":974,"column":22},"end":{"line":995,"column":9}},"668":{"start":{"line":975,"column":12},"end":{"line":994,"column":16}},"669":{"start":{"line":976,"column":27},"end":{"line":976,"column":42}},"670":{"start":{"line":977,"column":16},"end":{"line":993,"column":19}},"671":{"start":{"line":978,"column":34},"end":{"line":978,"column":36}},"672":{"start":{"line":979,"column":20},"end":{"line":981,"column":23}},"673":{"start":{"line":980,"column":24},"end":{"line":980,"column":41}},"674":{"start":{"line":982,"column":20},"end":{"line":990,"column":23}},"675":{"start":{"line":983,"column":24},"end":{"line":989,"column":25}},"676":{"start":{"line":984,"column":45},"end":{"line":984,"column":64}},"677":{"start":{"line":985,"column":28},"end":{"line":985,"column":48}},"678":{"start":{"line":988,"column":28},"end":{"line":988,"column":53}},"679":{"start":{"line":992,"column":20},"end":{"line":992,"column":34}},"680":{"start":{"line":996,"column":8},"end":{"line":998,"column":9}},"681":{"start":{"line":997,"column":12},"end":{"line":997,"column":23}},"682":{"start":{"line":999,"column":8},"end":{"line":1013,"column":11}},"683":{"start":{"line":1000,"column":12},"end":{"line":1008,"column":13}},"684":{"start":{"line":1001,"column":26},"end":{"line":1001,"column":55}},"685":{"start":{"line":1002,"column":35},"end":{"line":1002,"column":48}},"686":{"start":{"line":1003,"column":36},"end":{"line":1003,"column":50}},"687":{"start":{"line":1004,"column":16},"end":{"line":1007,"column":17}},"688":{"start":{"line":1005,"column":36},"end":{"line":1005,"column":42}},"689":{"start":{"line":1006,"column":20},"end":{"line":1006,"column":64}},"690":{"start":{"line":1009,"column":12},"end":{"line":1009,"column":28}},"691":{"start":{"line":1011,"column":12},"end":{"line":1011,"column":64}},"692":{"start":{"line":1012,"column":12},"end":{"line":1012,"column":24}}},"fnMap":{"0":{"name":"(anonymous_0)","decl":{"start":{"line":46,"column":21},"end":{"line":46,"column":22}},"loc":{"start":{"line":46,"column":33},"end":{"line":585,"column":1}}},"1":{"name":"InsightFacade","decl":{"start":{"line":47,"column":13},"end":{"line":47,"column":26}},"loc":{"start":{"line":47,"column":29},"end":{"line":49,"column":5}}},"2":{"name":"(anonymous_2)","decl":{"start":{"line":50,"column":41},"end":{"line":50,"column":42}},"loc":{"start":{"line":50,"column":64},"end":{"line":92,"column":5}}},"3":{"name":"(anonymous_3)","decl":{"start":{"line":52,"column":27},"end":{"line":52,"column":28}},"loc":{"start":{"line":52,"column":54},"end":{"line":91,"column":9}}},"4":{"name":"(anonymous_4)","decl":{"start":{"line":55,"column":58},"end":{"line":55,"column":59}},"loc":{"start":{"line":55,"column":76},"end":{"line":62,"column":21}}},"5":{"name":"(anonymous_5)","decl":{"start":{"line":62,"column":29},"end":{"line":62,"column":30}},"loc":{"start":{"line":62,"column":41},"end":{"line":64,"column":21}}},"6":{"name":"(anonymous_6)","decl":{"start":{"line":72,"column":51},"end":{"line":72,"column":52}},"loc":{"start":{"line":72,"column":69},"end":{"line":80,"column":21}}},"7":{"name":"(anonymous_7)","decl":{"start":{"line":80,"column":29},"end":{"line":80,"column":30}},"loc":{"start":{"line":80,"column":41},"end":{"line":82,"column":21}}},"8":{"name":"(anonymous_8)","decl":{"start":{"line":94,"column":38},"end":{"line":94,"column":39}},"loc":{"start":{"line":94,"column":58},"end":{"line":189,"column":5}}},"9":{"name":"(anonymous_9)","decl":{"start":{"line":98,"column":27},"end":{"line":98,"column":28}},"loc":{"start":{"line":98,"column":54},"end":{"line":188,"column":9}}},"10":{"name":"(anonymous_10)","decl":{"start":{"line":102,"column":26},"end":{"line":102,"column":27}},"loc":{"start":{"line":102,"column":41},"end":{"line":178,"column":17}}},"11":{"name":"(anonymous_11)","decl":{"start":{"line":107,"column":32},"end":{"line":107,"column":33}},"loc":{"start":{"line":107,"column":62},"end":{"line":146,"column":21}}},"12":{"name":"(anonymous_12)","decl":{"start":{"line":113,"column":68},"end":{"line":113,"column":69}},"loc":{"start":{"line":113,"column":84},"end":{"line":143,"column":29}}},"13":{"name":"(anonymous_13)","decl":{"start":{"line":147,"column":53},"end":{"line":147,"column":54}},"loc":{"start":{"line":147,"column":65},"end":{"line":177,"column":21}}},"14":{"name":"(anonymous_14)","decl":{"start":{"line":161,"column":91},"end":{"line":161,"column":92}},"loc":{"start":{"line":161,"column":106},"end":{"line":166,"column":29}}},"15":{"name":"(anonymous_15)","decl":{"start":{"line":179,"column":27},"end":{"line":179,"column":28}},"loc":{"start":{"line":179,"column":42},"end":{"line":182,"column":17}}},"16":{"name":"(anonymous_16)","decl":{"start":{"line":190,"column":42},"end":{"line":190,"column":43}},"loc":{"start":{"line":190,"column":54},"end":{"line":192,"column":5}}},"17":{"name":"(anonymous_17)","decl":{"start":{"line":193,"column":45},"end":{"line":193,"column":46}},"loc":{"start":{"line":193,"column":65},"end":{"line":355,"column":5}}},"18":{"name":"(anonymous_18)","decl":{"start":{"line":194,"column":27},"end":{"line":194,"column":28}},"loc":{"start":{"line":194,"column":54},"end":{"line":354,"column":9}}},"19":{"name":"(anonymous_19)","decl":{"start":{"line":198,"column":26},"end":{"line":198,"column":27}},"loc":{"start":{"line":198,"column":42},"end":{"line":345,"column":17}}},"20":{"name":"(anonymous_20)","decl":{"start":{"line":204,"column":34},"end":{"line":204,"column":35}},"loc":{"start":{"line":204,"column":50},"end":{"line":292,"column":21}}},"21":{"name":"(anonymous_21)","decl":{"start":{"line":213,"column":34},"end":{"line":213,"column":35}},"loc":{"start":{"line":213,"column":52},"end":{"line":287,"column":25}}},"22":{"name":"(anonymous_22)","decl":{"start":{"line":288,"column":35},"end":{"line":288,"column":36}},"loc":{"start":{"line":288,"column":50},"end":{"line":290,"column":25}}},"23":{"name":"(anonymous_23)","decl":{"start":{"line":299,"column":30},"end":{"line":299,"column":31}},"loc":{"start":{"line":299,"column":46},"end":{"line":344,"column":21}}},"24":{"name":"(anonymous_24)","decl":{"start":{"line":328,"column":85},"end":{"line":328,"column":86}},"loc":{"start":{"line":328,"column":100},"end":{"line":333,"column":29}}},"25":{"name":"(anonymous_25)","decl":{"start":{"line":346,"column":27},"end":{"line":346,"column":28}},"loc":{"start":{"line":346,"column":42},"end":{"line":348,"column":17}}},"26":{"name":"(anonymous_26)","decl":{"start":{"line":356,"column":44},"end":{"line":356,"column":45}},"loc":{"start":{"line":356,"column":58},"end":{"line":371,"column":5}}},"27":{"name":"(anonymous_27)","decl":{"start":{"line":357,"column":27},"end":{"line":357,"column":28}},"loc":{"start":{"line":357,"column":54},"end":{"line":370,"column":9}}},"28":{"name":"(anonymous_28)","decl":{"start":{"line":372,"column":43},"end":{"line":372,"column":44}},"loc":{"start":{"line":372,"column":60},"end":{"line":583,"column":5}}},"29":{"name":"(anonymous_29)","decl":{"start":{"line":374,"column":27},"end":{"line":374,"column":28}},"loc":{"start":{"line":374,"column":54},"end":{"line":582,"column":9}}},"30":{"name":"(anonymous_30)","decl":{"start":{"line":520,"column":66},"end":{"line":520,"column":67}},"loc":{"start":{"line":520,"column":81},"end":{"line":520,"column":109}}},"31":{"name":"(anonymous_31)","decl":{"start":{"line":520,"column":118},"end":{"line":520,"column":119}},"loc":{"start":{"line":520,"column":134},"end":{"line":520,"column":155}}},"32":{"name":"(anonymous_32)","decl":{"start":{"line":524,"column":66},"end":{"line":524,"column":67}},"loc":{"start":{"line":524,"column":81},"end":{"line":524,"column":109}}},"33":{"name":"(anonymous_33)","decl":{"start":{"line":524,"column":118},"end":{"line":524,"column":119}},"loc":{"start":{"line":524,"column":134},"end":{"line":524,"column":155}}},"34":{"name":"(anonymous_34)","decl":{"start":{"line":538,"column":36},"end":{"line":538,"column":37}},"loc":{"start":{"line":538,"column":52},"end":{"line":557,"column":25}}},"35":{"name":"(anonymous_35)","decl":{"start":{"line":560,"column":36},"end":{"line":560,"column":37}},"loc":{"start":{"line":560,"column":52},"end":{"line":567,"column":25}}},"36":{"name":"isValid","decl":{"start":{"line":588,"column":9},"end":{"line":588,"column":16}},"loc":{"start":{"line":588,"column":59},"end":{"line":602,"column":1}}},"37":{"name":"check_options","decl":{"start":{"line":603,"column":9},"end":{"line":603,"column":22}},"loc":{"start":{"line":603,"column":55},"end":{"line":742,"column":1}}},"38":{"name":"check_where","decl":{"start":{"line":743,"column":9},"end":{"line":743,"column":20}},"loc":{"start":{"line":743,"column":28},"end":{"line":806,"column":1}}},"39":{"name":"courseIn","decl":{"start":{"line":807,"column":9},"end":{"line":807,"column":17}},"loc":{"start":{"line":807,"column":33},"end":{"line":867,"column":1}}},"40":{"name":"processBuilding","decl":{"start":{"line":868,"column":9},"end":{"line":868,"column":24}},"loc":{"start":{"line":868,"column":31},"end":{"line":907,"column":1}}},"41":{"name":"processRoom","decl":{"start":{"line":908,"column":9},"end":{"line":908,"column":20}},"loc":{"start":{"line":908,"column":44},"end":{"line":954,"column":1}}},"42":{"name":"searchTbody","decl":{"start":{"line":955,"column":9},"end":{"line":955,"column":20}},"loc":{"start":{"line":955,"column":27},"end":{"line":970,"column":1}}},"43":{"name":"getLatLon","decl":{"start":{"line":971,"column":9},"end":{"line":971,"column":18}},"loc":{"start":{"line":971,"column":25},"end":{"line":1015,"column":1}}},"44":{"name":"(anonymous_44)","decl":{"start":{"line":972,"column":23},"end":{"line":972,"column":24}},"loc":{"start":{"line":972,"column":50},"end":{"line":1014,"column":5}}},"45":{"name":"(anonymous_45)","decl":{"start":{"line":974,"column":22},"end":{"line":974,"column":23}},"loc":{"start":{"line":974,"column":35},"end":{"line":995,"column":9}}},"46":{"name":"(anonymous_46)","decl":{"start":{"line":975,"column":34},"end":{"line":975,"column":35}},"loc":{"start":{"line":975,"column":61},"end":{"line":994,"column":13}}},"47":{"name":"(anonymous_47)","decl":{"start":{"line":977,"column":34},"end":{"line":977,"column":35}},"loc":{"start":{"line":977,"column":49},"end":{"line":991,"column":17}}},"48":{"name":"(anonymous_48)","decl":{"start":{"line":979,"column":35},"end":{"line":979,"column":36}},"loc":{"start":{"line":979,"column":52},"end":{"line":981,"column":21}}},"49":{"name":"(anonymous_49)","decl":{"start":{"line":982,"column":34},"end":{"line":982,"column":35}},"loc":{"start":{"line":982,"column":46},"end":{"line":990,"column":21}}},"50":{"name":"(anonymous_50)","decl":{"start":{"line":991,"column":31},"end":{"line":991,"column":32}},"loc":{"start":{"line":991,"column":46},"end":{"line":993,"column":17}}},"51":{"name":"(anonymous_51)","decl":{"start":{"line":999,"column":31},"end":{"line":999,"column":32}},"loc":{"start":{"line":999,"column":49},"end":{"line":1010,"column":9}}},"52":{"name":"(anonymous_52)","decl":{"start":{"line":1010,"column":17},"end":{"line":1010,"column":18}},"loc":{"start":{"line":1010,"column":32},"end":{"line":1013,"column":9}}}},"branchMap":{"0":{"loc":{"start":{"line":53,"column":12},"end":{"line":90,"column":13}},"type":"if","locations":[{"start":{"line":53,"column":12},"end":{"line":90,"column":13}},{"start":{"line":53,"column":12},"end":{"line":90,"column":13}}]},"1":{"loc":{"start":{"line":56,"column":24},"end":{"line":61,"column":25}},"type":"if","locations":[{"start":{"line":56,"column":24},"end":{"line":61,"column":25}},{"start":{"line":56,"column":24},"end":{"line":61,"column":25}}]},"2":{"loc":{"start":{"line":70,"column":17},"end":{"line":90,"column":13}},"type":"if","locations":[{"start":{"line":70,"column":17},"end":{"line":90,"column":13}},{"start":{"line":70,"column":17},"end":{"line":90,"column":13}}]},"3":{"loc":{"start":{"line":73,"column":24},"end":{"line":79,"column":25}},"type":"if","locations":[{"start":{"line":73,"column":24},"end":{"line":79,"column":25}},{"start":{"line":73,"column":24},"end":{"line":79,"column":25}}]},"4":{"loc":{"start":{"line":104,"column":20},"end":{"line":106,"column":21}},"type":"if","locations":[{"start":{"line":104,"column":20},"end":{"line":106,"column":21}},{"start":{"line":104,"column":20},"end":{"line":106,"column":21}}]},"5":{"loc":{"start":{"line":104,"column":24},"end":{"line":104,"column":63}},"type":"binary-expr","locations":[{"start":{"line":104,"column":24},"end":{"line":104,"column":32}},{"start":{"line":104,"column":36},"end":{"line":104,"column":63}}]},"6":{"loc":{"start":{"line":108,"column":24},"end":{"line":111,"column":25}},"type":"if","locations":[{"start":{"line":108,"column":24},"end":{"line":111,"column":25}},{"start":{"line":108,"column":24},"end":{"line":111,"column":25}}]},"7":{"loc":{"start":{"line":112,"column":24},"end":{"line":145,"column":25}},"type":"if","locations":[{"start":{"line":112,"column":24},"end":{"line":145,"column":25}},{"start":{"line":112,"column":24},"end":{"line":145,"column":25}}]},"8":{"loc":{"start":{"line":117,"column":32},"end":{"line":142,"column":33}},"type":"if","locations":[{"start":{"line":117,"column":32},"end":{"line":142,"column":33}},{"start":{"line":117,"column":32},"end":{"line":142,"column":33}}]},"9":{"loc":{"start":{"line":119,"column":40},"end":{"line":120,"column":41}},"type":"if","locations":[{"start":{"line":119,"column":40},"end":{"line":120,"column":41}},{"start":{"line":119,"column":40},"end":{"line":120,"column":41}}]},"10":{"loc":{"start":{"line":122,"column":40},"end":{"line":123,"column":85}},"type":"if","locations":[{"start":{"line":122,"column":40},"end":{"line":123,"column":85}},{"start":{"line":122,"column":40},"end":{"line":123,"column":85}}]},"11":{"loc":{"start":{"line":162,"column":32},"end":{"line":165,"column":33}},"type":"if","locations":[{"start":{"line":162,"column":32},"end":{"line":165,"column":33}},{"start":{"line":162,"column":32},"end":{"line":165,"column":33}}]},"12":{"loc":{"start":{"line":167,"column":28},"end":{"line":172,"column":29}},"type":"if","locations":[{"start":{"line":167,"column":28},"end":{"line":172,"column":29}},{"start":{"line":167,"column":28},"end":{"line":172,"column":29}}]},"13":{"loc":{"start":{"line":200,"column":20},"end":{"line":202,"column":21}},"type":"if","locations":[{"start":{"line":200,"column":20},"end":{"line":202,"column":21}},{"start":{"line":200,"column":20},"end":{"line":202,"column":21}}]},"14":{"loc":{"start":{"line":200,"column":24},"end":{"line":200,"column":63}},"type":"binary-expr","locations":[{"start":{"line":200,"column":24},"end":{"line":200,"column":32}},{"start":{"line":200,"column":36},"end":{"line":200,"column":63}}]},"15":{"loc":{"start":{"line":205,"column":24},"end":{"line":208,"column":25}},"type":"if","locations":[{"start":{"line":205,"column":24},"end":{"line":208,"column":25}},{"start":{"line":205,"column":24},"end":{"line":208,"column":25}}]},"16":{"loc":{"start":{"line":209,"column":24},"end":{"line":211,"column":25}},"type":"if","locations":[{"start":{"line":209,"column":24},"end":{"line":211,"column":25}},{"start":{"line":209,"column":24},"end":{"line":211,"column":25}}]},"17":{"loc":{"start":{"line":209,"column":28},"end":{"line":209,"column":115}},"type":"binary-expr","locations":[{"start":{"line":209,"column":28},"end":{"line":209,"column":64}},{"start":{"line":209,"column":68},"end":{"line":209,"column":115}}]},"18":{"loc":{"start":{"line":214,"column":28},"end":{"line":225,"column":29}},"type":"if","locations":[{"start":{"line":214,"column":28},"end":{"line":225,"column":29}},{"start":{"line":214,"column":28},"end":{"line":225,"column":29}}]},"19":{"loc":{"start":{"line":229,"column":28},"end":{"line":230,"column":45}},"type":"if","locations":[{"start":{"line":229,"column":28},"end":{"line":230,"column":45}},{"start":{"line":229,"column":28},"end":{"line":230,"column":45}}]},"20":{"loc":{"start":{"line":232,"column":28},"end":{"line":286,"column":29}},"type":"if","locations":[{"start":{"line":232,"column":28},"end":{"line":286,"column":29}},{"start":{"line":232,"column":28},"end":{"line":286,"column":29}}]},"21":{"loc":{"start":{"line":295,"column":24},"end":{"line":296,"column":49}},"type":"if","locations":[{"start":{"line":295,"column":24},"end":{"line":296,"column":49}},{"start":{"line":295,"column":24},"end":{"line":296,"column":49}}]},"22":{"loc":{"start":{"line":305,"column":32},"end":{"line":306,"column":45}},"type":"if","locations":[{"start":{"line":305,"column":32},"end":{"line":306,"column":45}},{"start":{"line":305,"column":32},"end":{"line":306,"column":45}}]},"23":{"loc":{"start":{"line":308,"column":32},"end":{"line":309,"column":45}},"type":"if","locations":[{"start":{"line":308,"column":32},"end":{"line":309,"column":45}},{"start":{"line":308,"column":32},"end":{"line":309,"column":45}}]},"24":{"loc":{"start":{"line":329,"column":32},"end":{"line":332,"column":33}},"type":"if","locations":[{"start":{"line":329,"column":32},"end":{"line":332,"column":33}},{"start":{"line":329,"column":32},"end":{"line":332,"column":33}}]},"25":{"loc":{"start":{"line":334,"column":28},"end":{"line":339,"column":29}},"type":"if","locations":[{"start":{"line":334,"column":28},"end":{"line":339,"column":29}},{"start":{"line":334,"column":28},"end":{"line":339,"column":29}}]},"26":{"loc":{"start":{"line":358,"column":27},"end":{"line":358,"column":91}},"type":"binary-expr","locations":[{"start":{"line":358,"column":27},"end":{"line":358,"column":54}},{"start":{"line":358,"column":58},"end":{"line":358,"column":91}}]},"27":{"loc":{"start":{"line":359,"column":12},"end":{"line":369,"column":13}},"type":"if","locations":[{"start":{"line":359,"column":12},"end":{"line":369,"column":13}},{"start":{"line":359,"column":12},"end":{"line":369,"column":13}}]},"28":{"loc":{"start":{"line":376,"column":12},"end":{"line":379,"column":13}},"type":"if","locations":[{"start":{"line":376,"column":12},"end":{"line":379,"column":13}},{"start":{"line":376,"column":12},"end":{"line":379,"column":13}}]},"29":{"loc":{"start":{"line":376,"column":16},"end":{"line":376,"column":77}},"type":"binary-expr","locations":[{"start":{"line":376,"column":17},"end":{"line":376,"column":38}},{"start":{"line":376,"column":44},"end":{"line":376,"column":76}}]},"30":{"loc":{"start":{"line":382,"column":12},"end":{"line":385,"column":13}},"type":"if","locations":[{"start":{"line":382,"column":12},"end":{"line":385,"column":13}},{"start":{"line":382,"column":12},"end":{"line":385,"column":13}}]},"31":{"loc":{"start":{"line":382,"column":16},"end":{"line":382,"column":67}},"type":"binary-expr","locations":[{"start":{"line":382,"column":17},"end":{"line":382,"column":37}},{"start":{"line":382,"column":43},"end":{"line":382,"column":66}}]},"32":{"loc":{"start":{"line":389,"column":16},"end":{"line":399,"column":17}},"type":"if","locations":[{"start":{"line":389,"column":16},"end":{"line":399,"column":17}},{"start":{"line":389,"column":16},"end":{"line":399,"column":17}}]},"33":{"loc":{"start":{"line":389,"column":20},"end":{"line":389,"column":60}},"type":"binary-expr","location
[...]
}},{"start":{"line":789,"column":90},"end":{"line":789,"column":113}}]},"135":{"loc":{"start":{"line":795,"column":19},"end":{"line":797,"column":93}},"type":"binary-expr","locations":[{"start":{"line":795,"column":19},"end":{"line":795,"column":42}},{"start":{"line":795,"column":47},"end":{"line":795,"column":70}},{"start":{"line":795,"column":74},"end":{"line":795,"column":95}},{"start":{"line":795,"column":99},"end":{"line":795,"column":128}},{"start":{"line":795,"column":132},"end":{"line":795,"column":156}},{"start":{"line":795,"column":160},"end":{"line":795,"column":183}},{"start":{"line":796,"column":16},"end":{"line":796,"column":41}},{"start":{"line":796,"column":45},"end":{"line":796,"column":71}},{"start":{"line":796,"column":75},"end":{"line":796,"column":98}},{"start":{"line":796,"column":102},"end":{"line":796,"column":123}},{"start":{"line":796,"column":127},"end":{"line":796,"column":151}},{"start":{"line":797,"column":16},"end":{"line":797,"column":37}},{"start":{"line":797,"column":41},"end":{"line":797,"column":67}},{"start":{"line":797,"column":71},"end":{"line":797,"column":92}}]},"136":{"loc":{"start":{"line":809,"column":4},"end":{"line":866,"column":5}},"type":"switch","locations":[{"start":{"line":810,"column":8},"end":{"line":817,"column":9}},{"start":{"line":818,"column":8},"end":{"line":825,"column":9}},{"start":{"line":826,"column":8},"end":{"line":828,"column":9}},{"start":{"line":829,"column":8},"end":{"line":831,"column":9}},{"start":{"line":832,"column":8},"end":{"line":834,"column":9}},{"start":{"line":835,"column":8},"end":{"line":860,"column":9}},{"start":{"line":861,"column":8},"end":{"line":863,"column":9}},{"start":{"line":864,"column":8},"end":{"line":865,"column":25}}]},"137":{"loc":{"start":{"line":813,"column":16},"end":{"line":814,"column":33}},"type":"if","locations":[{"start":{"line":813,"column":16},"end":{"line":814,"column":33}},{"start":{"line":813,"column":16},"end":{"line":814,"column":33}}]},"138":{"loc":{"start":{"line":821,"column":16},"end":{"line":822,"column":32}},"type":"if","locations":[{"start":{"line":821,"column":16},"end":{"line":822,"column":32}},{"start":{"line":821,"column":16},"end":{"line":822,"column":32}}]},"139":{"loc":{"start":{"line":841,"column":12},"end":{"line":842,"column":67}},"type":"if","locations":[{"start":{"line":841,"column":12},"end":{"line":842,"column":67}},{"start":{"line":841,"column":12},"end":{"line":842,"column":67}}]},"140":{"loc":{"start":{"line":844,"column":12},"end":{"line":845,"column":44}},"type":"if","locations":[{"start":{"line":844,"column":12},"end":{"line":845,"column":44}},{"start":{"line":844,"column":12},"end":{"line":845,"column":44}}]},"141":{"loc":{"start":{"line":846,"column":12},"end":{"line":847,"column":29}},"type":"if","locations":[{"start":{"line":846,"column":12},"end":{"line":847,"column":29}},{"start":{"line":846,"column":12},"end":{"line":847,"column":29}}]},"142":{"loc":{"start":{"line":850,"column":19},"end":{"line":850,"column":51}},"type":"binary-expr","locations":[{"start":{"line":850,"column":19},"end":{"line":850,"column":25}},{"start":{"line":850,"column":29},"end":{"line":850,"column":51}}]},"143":{"loc":{"start":{"line":852,"column":16},"end":{"line":853,"column":26}},"type":"if","locations":[{"start":{"line":852,"column":16},"end":{"line":853,"column":26}},{"start":{"line":852,"column":16},"end":{"line":853,"column":26}}]},"144":{"loc":{"start":{"line":855,"column":16},"end":{"line":856,"column":29}},"type":"if","locations":[{"start":{"line":855,"column":16},"end":{"line":856,"column":29}},{"start":{"line":855,"column":16},"end":{"line":856,"column":29}}]},"145":{"loc":{"start":{"line":855,"column":20},"end":{"line":855,"column":106}},"type":"binary-expr","locations":[{"start":{"line":855,"column":21},"end":{"line":855,"column":28}},{"start":{"line":855,"column":32},"end":{"line":855,"column":45}},{"start":{"line":855,"column":51},"end":{"line":855,"column":90}},{"start":{"line":855,"column":94},"end":{"line":855,"column":105}}]},"146":{"loc":{"start":{"line":870,"column":4},"end":{"line":871,"column":20}},"type":"if","locations":[{"start":{"line":870,"column":4},"end":{"line":871,"column":20}},{"start":{"line":870,"column":4},"end":{"line":871,"column":20}}]},"147":{"loc":{"start":{"line":870,"column":8},"end":{"line":870,"column":73}},"type":"binary-expr","locations":[{"start":{"line":870,"column":8},"end":{"line":870,"column":36}},{"start":{"line":870,"column":40},"end":{"line":870,"column":73}}]},"148":{"loc":{"start":{"line":875,"column":8},"end":{"line":877,"column":9}},"type":"if","locations":[{"start":{"line":875,"column":8},"end":{"line":877,"column":9}},{"start":{"line":875,"column":8},"end":{"line":877,"column":9}}]},"149":{"loc":{"start":{"line":878,"column":8},"end":{"line":905,"column":9}},"type":"if","locations":[{"start":{"line":878,"column":8},"end":{"line":905,"column":9}},{"start":{"line":878,"column":8},"end":{"line":905,"column":9}}]},"150":{"loc":{"start":{"line":879,"column":12},"end":{"line":897,"column":13}},"type":"if","locations":[{"start":{"line":879,"column":12},"end":{"line":897,"column":13}},{"start":{"line":879,"column":12},"end":{"line":897,"column":13}}]},"151":{"loc":{"start":{"line":879,"column":16},"end":{"line":879,"column":43}},"type":"binary-expr","locations":[{"start":{"line":879,"column":16},"end":{"line":879,"column":21}},{"start":{"line":879,"column":25},"end":{"line":879,"column":43}}]},"152":{"loc":{"start":{"line":880,"column":16},"end":{"line":895,"column":17}},"type":"if","locations":[{"start":{"line":880,"column":16},"end":{"line":895,"column":17}},{"start":{"line":880,"column":16},"end":{"line":895,"column":17}}]},"153":{"loc":{"start":{"line":883,"column":21},"end":{"line":895,"column":17}},"type":"if","locations":[{"start":{"line":883,"column":21},"end":{"line":895,"column":17}},{"start":{"line":883,"column":21},"end":{"line":895,"column":17}}]},"154":{"loc":{"start":{"line":886,"column":21},"end":{"line":895,"column":17}},"type":"if","locations":[{"start":{"line":886,"column":21},"end":{"line":895,"column":17}},{"start":{"line":886,"column":21},"end":{"line":895,"column":17}}]},"155":{"loc":{"start":{"line":910,"column":4},"end":{"line":911,"column":20}},"type":"if","locations":[{"start":{"line":910,"column":4},"end":{"line":911,"column":20}},{"start":{"line":910,"column":4},"end":{"line":911,"column":20}}]},"156":{"loc":{"start":{"line":910,"column":8},"end":{"line":910,"column":124}},"type":"binary-expr","locations":[{"start":{"line":910,"column":9},"end":{"line":910,"column":33}},{"start":{"line":910,"column":37},"end":{"line":910,"column":65}},{"start":{"line":910,"column":71},"end":{"line":910,"column":86}},{"start":{"line":910,"column":90},"end":{"line":910,"column":123}}]},"157":{"loc":{"start":{"line":915,"column":8},"end":{"line":917,"column":9}},"type":"if","locations":[{"start":{"line":915,"column":8},"end":{"line":917,"column":9}},{"start":{"line":915,"column":8},"end":{"line":917,"column":9}}]},"158":{"loc":{"start":{"line":915,"column":12},"end":{"line":915,"column":101}},"type":"binary-expr","locations":[{"start":{"line":915,"column":12},"end":{"line":915,"column":32}},{"start":{"line":915,"column":36},"end":{"line":915,"column":54}},{"start":{"line":915,"column":58},"end":{"line":915,"column":75}},{"start":{"line":915,"column":79},"end":{"line":915,"column":101}}]},"159":{"loc":{"start":{"line":918,"column":8},"end":{"line":923,"column":9}},"type":"if","locations":[{"start":{"line":918,"column":8},"end":{"line":923,"column":9}},{"start":{"line":918,"column":8},"end":{"line":923,"column":9}}]},"160":{"loc":{"start":{"line":919,"column":12},"end":{"line":921,"column":13}},"type":"if","locations":[{"start":{"line":919,"column":12},"end":{"line":921,"column":13}},{"start":{"line":919,"column":12},"end":{"line":921,"column":13}}]},"161":{"loc":{"start":{"line":919,"column":16},"end":{"line":919,"column":58}},"type":"binary-expr","locations":[{"start":{"line":919,"column":16},"end":{"line":919,"column":32}},{"start":{"line":919,"column":36},"end":{"line":919,"column":58}}]},"162":{"loc":{"start":{"line":924,"column":8},"end":{"line":952,"column":9}},"type":"if","locations":[{"start":{"line":924,"column":8},"end":{"line":952,"column":9}},{"start":{"line":924,"column":8},"end":{"line":952,"column":9}}]},"163":{"loc":{"start":{"line":925,"column":12},"end":{"line":944,"column":13}},"type":"if","locations":[{"start":{"line":925,"column":12},"end":{"line":944,"column":13}},{"start":{"line":925,"column":12},"end":{"line":944,"column":13}}]},"164":{"loc":{"start":{"line":926,"column":16},"end":{"line":942,"column":17}},"type":"if","locations":[{"start":{"line":926,"column":16},"end":{"line":942,"column":17}},{"start":{"line":926,"column":16},"end":{"line":942,"column":17}}]},"165":{"loc":{"start":{"line":929,"column":21},"end":{"line":942,"column":17}},"type":"if","locations":[{"start":{"line":929,"column":21},"end":{"line":942,"column":17}},{"start":{"line":929,"column":21},"end":{"line":942,"column":17}}]},"166":{"loc":{"start":{"line":932,"column":21},"end":{"line":942,"column":17}},"type":"if","locations":[{"start":{"line":932,"column":21},"end":{"line":942,"column":17}},{"start":{"line":932,"column":21},"end":{"line":942,"column":17}}]},"167":{"loc":{"start":{"line":935,"column":21},"end":{"line":942,"column":17}},"type":"if","locations":[{"start":{"line":935,"column":21},"end":{"line":942,"column":17}},{"start":{"line":935,"column":21},"end":{"line":942,"column":17}}]},"168":{"loc":{"start":{"line":956,"column":4},"end":{"line":957,"column":20}},"type":"if","locations":[{"start":{"line":956,"column":4},"end":{"line":957,"column":20}},{"start":{"line":956,"column":4},"end":{"line":957,"column":20}}]},"169":{"loc":{"start":{"line":958,"column":4},"end":{"line":959,"column":20}},"type":"if","locations":[{"start":{"line":958,"column":4},"end":{"line":959,"column":20}},{"start":{"line":958,"column":4},"end":{"line":959,"column":20}}]},"170":{"loc":{"start":{"line":961,"column":4},"end":{"line":962,"column":20}},"type":"if","locations":[{"start":{"line":961,"column":4},"end":{"line":962,"column":20}},{"start":{"line":961,"column":4},"end":{"line":962,"column":20}}]},"171":{"loc":{"start":{"line":966,"column":8},"end":{"line":967,"column":26}},"type":"if","locations":[{"start":{"line":966,"column":8},"end":{"line":967,"column":26}},{"start":{"line":966,"column":8},"end":{"line":967,"column":26}}]}},"s":{"0":1,"1":1,"2":1,"3":1,"4":1,"5":1,"6":1,"7":1,"8":1,"9":1,"10":1,"11":1,"12":1,"13":1,"14":1,"15":1,"16":1,"17":1,"18":1,"19":1,"20":3,"21":1,"22":11,"23":11,"24":11,"25":5,"26":5,"27":4,"28":2,"29":2,"30":1,"31":0,"32":6,"33":5,"34":5,"35":4,"36":2,"37":2,"38":2,"39":1,"40":0,"41":1,"42":1,"43":5,"44":5,"45":5,"46":5,"47":5,"48":5,"49":5,"50":4,"51":4,"52":2,"53":4,"54":23780,"55":0,"56":0,"57":23780,"58":23776,"59":23776,"60":23776,"61":23776,"62":23776,"63":14356,"64":258448,"65":258448,"66":258448,"67":159964,"68":258448,"69":258448,"70":14356,"71":14356,"72":23776,"73":4,"74":4,"75":4,"76":4,"77":4,"78":4,"79":14356,"80":14356,"81":14356,"82":258448,"83":258448,"84":4,"85":4,"86":4,"87":4,"88":2,"89":2,"90":0,"91":1,"92":1,"93":0,"94":0,"95":1,"96":0,"97":1,"98":5,"99":5,"100":5,"101":5,"102":4,"103":4,"104":2,"105":4,"106":4,"107":331,"108":0,"109":0,"110":331,"111":24,"112":307,"113":307,"114":3,"115":3,"116":3,"117":3,"118":3,"119":222,"120":222,"121":222,"122":3,"123":304,"124":304,"125":304,"126":304,"127":120,"128":184,"129":184,"130":4,"131":4,"132":4,"133":4,"134":4,"135":4,"136":4,"137":4,"138":4,"139":4,"140":4,"141":4,"142":4,"143":4,"144":4,"145":4,"146":4,"147":4,"148":4,"149":4,"150":4,"151":4,"152":4,"153":4,"154":4,"155":4,"156":4,"157":4,"158":4,"159":4,"160":4,"161":4,"162":4,"163":4,"164":4,"165":4,"166":4,"167":4,"168":4,"169":4,"170":4,"171":4,"172":4,"173":4,"174":4,"175":4,"176":4,"177":4,"178":4,"179":180,"180":180,"181":0,"182":307,"183":4,"184":331,"185":331,"186":0,"187":4,"188":4,"189":4,"190":4,"191":4,"192":307,"193":307,"194":120,"195":187,"196":187,"197":55,"198":132,"199":1092,"200":1092,"201":1092,"202":1092,"203":1092,"204":1092,"205":1092,"206":1092,"207":1092,"208":1092,"209":1092,"210":1092,"211":1092,"212":1092,"213":4,"214":4,"215":4,"216":4,"217":2,"218":2,"219":0,"220":1,"221":0,"222":0,"223":1,"224":5,"225":5,"226":5,"227":2,"228":2,"229":2,"230":2,"231":2,"232":3,"233":3,"234":1,"235":27,"236":27,"237":27,"238":27,"239":0,"240":0,"241":27,"242":27,"243":27,"244":2,"245":2,"246":25,"247":25,"248":25,"249":25,"250":25,"251":18,"252":18,"253":18,"254":7,"255":7,"256":25,"257":0,"258":0,"259":25,"260":25,"261":5,"262":25,"263":6,"264":6,"265":6,"266":19,"267":19,"268":19,"269":19,"270":19,"271":19,"272":19,"273":19,"274":5,"275":5,"276":5,"277":5,"278":7,"279":7,"280":7,"281":7,"282":7,"283":19,"284":19,"285":777892,"286":777892,"287":728,"288":777164,"289":240951,"290":19,"291":19,"292":241679,"293":241679,"294":241679,"295":2417854,"296":722788,"297":2417854,"298":305,"299":2417854,"300":1033,"301":241679,"302":19,"303":5,"304":5,"305":1033,"306":1033,"307":1033,"308":1033,"309":1033,"310":1033,"311":430,"312":603,"313":5,"314":5,"315":5,"316":430,"317":430,"318":430,"319":430,"320":430,"321":116,"322":30,"323":30,"324":30,"325":86,"326":15,"327":15,"328":15,"329":71,"330":430,"331":603,"332":603,"333":309,"334":15,"335":4,"336":294,"337":249,"338":25,"339":45,"340":30,"341":15,"342":8,"343":430,"344":430,"345":430,"346":116,"347":15,"348":101,"349":15,"350":30,"351":15,"352":15,"353":86,"354":15,"355":30,"356":15,"357":15,"358":71,"359":430,"360":19,"361":18,"362":18,"363":5,"364":5,"365":5,"366":713,"367":713,"368":713,"369":661,"370":221,"371":126,"372":95,"373":95,"374":440,"375":161,"376":279,"377":279,"378":52,"379":13,"380":1959877,"381":870660,"382":1089217,"383":859176,"384":230041,"385":19,"386":241076,"387":241076,"388":722301,"389":722301,"390":0,"391":19,"392":19,"393":1,"394":1,"395":1,"396":25,"397":25,"398":0,"399":25,"400":25,"401":23,"402":0,"403":25,"404":6,"405":19,"406":25,"407":25,"408":25,"409":0,"410":25,"411":25,"412":18,"413":25,"414":20,"415":49,"416":49,"417":0,"418":49,"419":0,"420":20,"421":19,"422":19,"423":12,"424":1,"425":7,"426":7,"427":0,"428":7,"429":1,"430":6,"431":3,"432":3,"433":0,"434":3,"435":3,"436":0,"437":3,"438":3,"439":3,"440":1,"441":0,"442":14,"443":5,"444":5,"445":0,"446":5,"447":5,"448":0,"449":5,"450":5,"451":5,"452":0,"453":5,"454":0,"455":5,"456":0,"457":5,"458":5,"459":5,"460":7,"461":7,"462":0,"463":7,"464":7,"465":0,"466":7,"467":0,"468":7,"469":7,"470":7,"471":0,"472":7,"473":7,"474":0,"475":7,"476":7,"477":6,"478":0,"479":1,"480":0,"481":5,"482":12,"483":12,"484":5,"485":0,"486":5,"487":0,"488":5,"489":0,"490":7,"491":7,"492":27,"493":27,"494":7,"495":7,"496":0,"497":5,"498":5,"499":5,"500":2,"501":0,"502":3,"503":3,"504":0,"505":3,"506":0,"507":3,"508":0,"509":3,"510":0,"511":3,"512":3,"513":0,"514":3,"515":3,"516":3,"517":0,"518":0,"519":5,"520":53,"521":0,"522":53,"523":53,"524":8,"525":0,"526":8,"527":8,"528":16,"529":0,"530":8,"531":5,"532":0,"533":5,"534":5,"535":13,"536":0,"537":5,"538":10,"539":10,"540":10,"541":10,"542":16,"543":16,"544":16,"545":16,"546":5,"547":5,"548":5,"549":5,"550":8,"551":8,"552":8,"553":8,"554":1,"555":0,"556":1596478,"557":1596478,"558":259540,"559":259540,"560":343127,"561":212685,"562":46855,"563":258448,"564":258448,"565":411575,"566":129336,"567":129112,"568":258418,"569":229940,"570":517446,"571":8074,"572":8074,"573":8074,"574":8074,"575":8074,"576":8074,"577":1820,"578":8074,"579":8074,"580":1456,"581":8074,"582":0,"583":8074,"584":8074,"585":8074,"586":8074,"587":8074,"588":7188,"589":886,"590":886,"591":0,"592":886,"593":8074,"594":64612,"595":0,"596":5988,"597":5988,"598":5100,"599":5988,"600":5988,"601":24597,"602":24597,"603":5988,"604":18609,"605":16398,"606":888,"607":222,"608":666,"609":222,"610":444,"611":222,"612":222,"613":222,"614":222,"615":222,"616":222,"617":888,"618":2211,"619":2211,"620":5985,"621":5985,"622":34920,"623":34920,"624":24840,"625":34920,"626":34920,"627":139860,"628":139860,"629":93240,"630":46620,"631":11700,"632":1440,"633":11700,"634":34920,"635":23220,"636":7200,"637":1440,"638":5760,"639":1440,"640":4320,"641":1440,"642":2880,"643":1440,"644":1440,"645":1440,"646":1440,"647":7200,"648":11700,"649":11700,"650":34740,"651":34740,"652":395070,"653":187,"654":394883,"655":192373,"656":202510,"657":202510,"658":23133,"659":179377,"660":394763,"661":394763,"662":394763,"663":2238,"664":177139,"665":3,"666":3,"667":3,"668":222,"669":222,"670":222,"671":222,"672":222,"673":222,"674":222,"675":222,"676":222,"677":222,"678":0,"679":0,"680":3,"681":222,"682":3,"683":3,"684":222,"685":222,"686":222,"687":222,"688":444,"689":444,"690":3,"691":0,"692":0},"f":{"0":1,"1":3,"2":11,"3":11,"4":4,"5":1,"6":4,"7":1,"8":5,"9":5,"10":4,"11":23780,"12":23776,"13":4,"14":4,"15":1,"16":0,"17":5,"18":5,"19":4,"20":331,"21":307,"22":0,"23":4,"24":4,"25":1,"26":5,"27":5,"28":27,"29":27,"30":30,"31":15,"32":30,"33":15,"34":713,"35":1959877,"36":25,"37":25,"38":53,"39":1596478,"40":5988,"41":34920,"42":395070,"43":3,"44":3,"45":222,"46":222,"47":222,"48":222,"49":222,"50":0,"51":3,"52":0},"b":{"0":[5,6],"1":[2,2],"2":[5,1],"3":[2,2],"4":[2,2],"5":[4,4],"6":[0,23780],"7":[23776,4],"8":[14356,9420],"9":[14356,244092],"10":[159964,98484],"11":[0,4],"12":[2,2],"13":[2,2],"14":[4,4],"15":[0,331],"16":[24,307],"17":[331,319],"18":[3,304],"19":[120,184],"20":[4,180],"21":[0,331],"22":[120,187],"23":[55,132],"24":[0,4],"25":[2,2],"26":[5,2],"27":[2,3],"28":[0,27],"29":[27,27],"30":[2,25],"31":[27,25],"32":[25,0],"33":[25,0],"34":[18,7],"35":[0,25],"36":[5,20],"37":[6,19],"38":[5,14],"39":[728,777164],"40":[240951,536213],"41":[722788,1695066],"42":[305,2417549],"43":[1033,2416821],"44":[5,14],"45":[430,603],"46":[30,86],"47":[116,101],"48":[15,71],"49":[15,294],"50":[4,11],"51":[249,45],"52":[25,224],"53":[30,15],"54":[45,30],"55":[8,7],"56":[15,101],"57":[15,86],"58":[15,71],"59":[18,1],"60":[5,13],"61":[661,52],"62":[221,440],"63":[126,95],"64":[95,0],"65":[161,279],"66":[279,0],"67":[870660,1089217],"68":[859176,230041],"69":[0,722301],"70":[0,25],"71":[23,2],"72":[0,23],"73":[6,19],"74":[0,25],"75":[18,7],"76":[20,5],"77":[0,49],"78":[0,49],"79":[49,28],"80":[19,1],"81":[12,7],"82":[1,11],"83":[7,0],"84":[0,7],"85":[1,6],"86":[3,3],"87":[6,5],"88":[0,3],"89":[0,3],"90":[1,2],"91":[0,5],"92":[0,5],"93":[0,5],"94":[5,5],"95":[0,5],"96":[0,5],"97":[0,7],"98":[0,7],"99":[0,7],"100":[0,7],"101":[0,7],"102":[7,4,3,2,1],"103":[6,1],"104":[7,4,3,2],"105":[0,6],"106":[0,1],"107":[1,0],"108":[5,7],"109":[0,5],"110":[5,5],"111":[0,5],"112":[0,5],"113":[7,20],"114":[0,7],"115":[5,0],"116":[2,3],"117":[0,2],"118":[3,0],"119":[0,3],"120":[0,3],"121":[0,3],"122":[3,0],"123":[0,3],"124":[0,3],"125":[0,3],"126":[0,53],"127":[8,5,10,16,5,8,1,0],"128":[0,8],"129":[0,16],"130":[0,5],"131":[0,13],"132":[10,10,8,7,5,4,4,4,2],"133":[16,16,4,3,3,3,3,3,1],"134":[5,5,1,1,1,1,1,1,1],"135":[8,8,5,5,5,5,5,5,5,5,4,3,3,0],"136":[259540,258448,258418,229940,517446,8074,64612,0],"137":[212685,130442],"138":[129336,282239],"139":[1820,6254],"140":[1456,6618],"141":[0,8074],"142":[8960,8074],"143":[7188,886],"144":[0,886],"145":[886,851,886,856],"146":[5100,888],"147":[5988,3777],"148":[5988,18609],"149":[16398,2211],"150":[888,15510],"151":[16398,1776],"152":[222,666],"153":[222,444],"154":[222,222],"155":[24840,10080],"156":[34920,32040,26100,23220],"157":[93240,46620],"158":[139860,104940,70020,58320],"159":[11700,34920],"160":[1440,10260],"161":[11700,4500],"162":[23220,11700],"163":[7200,16020],"164":[1440,5760],"165":[1440,4320],"166":[1440,2880],"167":[1440,1440],"168":[187,394883],"169":[192373,202510],"170":[23133,179377],"171":[2238,392525]},"_coverageSchema":"332fd63041d2c1bcb487cc26dd0d5f7d97098a6c","hash":"d6fc2db359e2923daeadef65e968e0206b890255","contentHash":"07efa6e736a9446f5f209826fc5c681b_10.1.2"}}